2024-03-31 11:06:25,116 [trainer.py] => config: configs/mimg10_inflora_ca.json
2024-03-31 11:06:25,116 [trainer.py] => device: [device(type='cuda', index=2)]
2024-03-31 11:06:25,117 [trainer.py] => prefix: reproduce
2024-03-31 11:06:25,117 [trainer.py] => dataset: ImageNet_R
2024-03-31 11:06:25,117 [trainer.py] => data_path: data/imagenet-r
2024-03-31 11:06:25,117 [trainer.py] => memory_size: 0
2024-03-31 11:06:25,117 [trainer.py] => memory_per_class: 0
2024-03-31 11:06:25,117 [trainer.py] => fixed_memory: True
2024-03-31 11:06:25,117 [trainer.py] => shuffle: False
2024-03-31 11:06:25,117 [trainer.py] => init_cls: 20
2024-03-31 11:06:25,117 [trainer.py] => increment: 20
2024-03-31 11:06:25,117 [trainer.py] => model_name: InfLoRA_CA
2024-03-31 11:06:25,117 [trainer.py] => net_type: sip
2024-03-31 11:06:25,117 [trainer.py] => embd_dim: 768
2024-03-31 11:06:25,117 [trainer.py] => num_heads: 12
2024-03-31 11:06:25,117 [trainer.py] => total_sessions: 10
2024-03-31 11:06:25,117 [trainer.py] => seed: 0
2024-03-31 11:06:25,117 [trainer.py] => EPSILON: 1e-08
2024-03-31 11:06:25,117 [trainer.py] => init_epoch: 50
2024-03-31 11:06:25,117 [trainer.py] => optim: sgd
2024-03-31 11:06:25,117 [trainer.py] => epochs: 50
2024-03-31 11:06:25,117 [trainer.py] => init_lr: 0.001
2024-03-31 11:06:25,117 [trainer.py] => init_lr_decay: 0.1
2024-03-31 11:06:25,117 [trainer.py] => init_weight_decay: 0.0
2024-03-31 11:06:25,117 [trainer.py] => lrate: 0.001
2024-03-31 11:06:25,117 [trainer.py] => lrate_decay: 0.1
2024-03-31 11:06:25,117 [trainer.py] => batch_size: 128
2024-03-31 11:06:25,117 [trainer.py] => weight_decay: 0.0
2024-03-31 11:06:25,117 [trainer.py] => rank: 10
2024-03-31 11:06:25,117 [trainer.py] => lamb: 0.98
2024-03-31 11:06:25,117 [trainer.py] => lame: 1.0
2024-03-31 11:06:25,117 [trainer.py] => num_workers: 16
2024-03-31 11:06:25,221 [data_manager.py] => [0, 1, 2, 3, 4, 5, 6, 7, 8, 9, 10, 11, 12, 13, 14, 15, 16, 17, 18, 19, 20, 21, 22, 23, 24, 25, 26, 27, 28, 29, 30, 31, 32, 33, 34, 35, 36, 37, 38, 39, 40, 41, 42, 43, 44, 45, 46, 47, 48, 49, 50, 51, 52, 53, 54, 55, 56, 57, 58, 59, 60, 61, 62, 63, 64, 65, 66, 67, 68, 69, 70, 71, 72, 73, 74, 75, 76, 77, 78, 79, 80, 81, 82, 83, 84, 85, 86, 87, 88, 89, 90, 91, 92, 93, 94, 95, 96, 97, 98, 99, 100, 101, 102, 103, 104, 105, 106, 107, 108, 109, 110, 111, 112, 113, 114, 115, 116, 117, 118, 119, 120, 121, 122, 123, 124, 125, 126, 127, 128, 129, 130, 131, 132, 133, 134, 135, 136, 137, 138, 139, 140, 141, 142, 143, 144, 145, 146, 147, 148, 149, 150, 151, 152, 153, 154, 155, 156, 157, 158, 159, 160, 161, 162, 163, 164, 165, 166, 167, 168, 169, 170, 171, 172, 173, 174, 175, 176, 177, 178, 179, 180, 181, 182, 183, 184, 185, 186, 187, 188, 189, 190, 191, 192, 193, 194, 195, 196, 197, 198, 199]
2024-03-31 11:06:29,042 [trainer.py] => All params: 111348451
2024-03-31 11:06:29,045 [trainer.py] => Trainable params: 111348451
2024-03-31 11:06:29,045 [inflora_ca.py] => Learning on 0-20
