2024-03-30 15:50:54,319 [trainer.py] => config: configs/mimg10_inflorab5.json
2024-03-30 15:50:54,319 [trainer.py] => device: [device(type='cuda', index=0)]
2024-03-30 15:50:54,319 [trainer.py] => prefix: reproduce
2024-03-30 15:50:54,319 [trainer.py] => dataset: ImageNet_R
2024-03-30 15:50:54,319 [trainer.py] => data_path: data/imagenet-r
2024-03-30 15:50:54,319 [trainer.py] => memory_size: 0
2024-03-30 15:50:54,319 [trainer.py] => memory_per_class: 0
2024-03-30 15:50:54,319 [trainer.py] => fixed_memory: True
2024-03-30 15:50:54,319 [trainer.py] => shuffle: False
2024-03-30 15:50:54,319 [trainer.py] => init_cls: 20
2024-03-30 15:50:54,319 [trainer.py] => increment: 20
2024-03-30 15:50:54,319 [trainer.py] => model_name: InfLoRAb5
2024-03-30 15:50:54,320 [trainer.py] => net_type: sip
2024-03-30 15:50:54,320 [trainer.py] => embd_dim: 768
2024-03-30 15:50:54,320 [trainer.py] => num_heads: 12
2024-03-30 15:50:54,320 [trainer.py] => total_sessions: 10
2024-03-30 15:50:54,320 [trainer.py] => seed: 0
2024-03-30 15:50:54,320 [trainer.py] => EPSILON: 1e-08
2024-03-30 15:50:54,320 [trainer.py] => init_epoch: 50
2024-03-30 15:50:54,320 [trainer.py] => optim: adam
2024-03-30 15:50:54,320 [trainer.py] => init_lr: 0.0005
2024-03-30 15:50:54,320 [trainer.py] => init_lr_decay: 0.1
2024-03-30 15:50:54,320 [trainer.py] => init_weight_decay: 0.0
2024-03-30 15:50:54,320 [trainer.py] => epochs: 50
2024-03-30 15:50:54,320 [trainer.py] => lrate: 0.0005
2024-03-30 15:50:54,320 [trainer.py] => lrate_decay: 0.1
2024-03-30 15:50:54,320 [trainer.py] => batch_size: 128
2024-03-30 15:50:54,320 [trainer.py] => weight_decay: 0.0
2024-03-30 15:50:54,320 [trainer.py] => rank: 10
2024-03-30 15:50:54,320 [trainer.py] => lamb: 0.98
2024-03-30 15:50:54,320 [trainer.py] => lame: 1.0
2024-03-30 15:50:54,320 [trainer.py] => num_workers: 16
2024-03-30 15:50:54,407 [data_manager.py] => [0, 1, 2, 3, 4, 5, 6, 7, 8, 9, 10, 11, 12, 13, 14, 15, 16, 17, 18, 19, 20, 21, 22, 23, 24, 25, 26, 27, 28, 29, 30, 31, 32, 33, 34, 35, 36, 37, 38, 39, 40, 41, 42, 43, 44, 45, 46, 47, 48, 49, 50, 51, 52, 53, 54, 55, 56, 57, 58, 59, 60, 61, 62, 63, 64, 65, 66, 67, 68, 69, 70, 71, 72, 73, 74, 75, 76, 77, 78, 79, 80, 81, 82, 83, 84, 85, 86, 87, 88, 89, 90, 91, 92, 93, 94, 95, 96, 97, 98, 99, 100, 101, 102, 103, 104, 105, 106, 107, 108, 109, 110, 111, 112, 113, 114, 115, 116, 117, 118, 119, 120, 121, 122, 123, 124, 125, 126, 127, 128, 129, 130, 131, 132, 133, 134, 135, 136, 137, 138, 139, 140, 141, 142, 143, 144, 145, 146, 147, 148, 149, 150, 151, 152, 153, 154, 155, 156, 157, 158, 159, 160, 161, 162, 163, 164, 165, 166, 167, 168, 169, 170, 171, 172, 173, 174, 175, 176, 177, 178, 179, 180, 181, 182, 183, 184, 185, 186, 187, 188, 189, 190, 191, 192, 193, 194, 195, 196, 197, 198, 199]
2024-03-30 15:50:56,601 [trainer.py] => All params: 109044251
2024-03-30 15:50:56,603 [trainer.py] => Trainable params: 109044251
2024-03-30 15:50:56,603 [inflorab5.py] => Learning on 0-20
2024-03-30 16:06:44,594 [inflorab5.py] => Task 0, Epoch 50/50 => Loss 0.168, Train_accy 95.34
2024-03-30 16:07:05,477 [trainer.py] => Time:968.8743562698364
2024-03-30 16:07:10,962 [trainer.py] => Time:5.4849066734313965
2024-03-30 16:07:10,998 [inflorab5.py] => Exemplar size: 0
2024-03-30 16:07:10,999 [trainer.py] => CNN: {'total': 90.4, '00-19': 90.4, 'old': 0, 'new': 90.4}
2024-03-30 16:07:10,999 [trainer.py] => CNN top1 curve: [90.4]
2024-03-30 16:07:10,999 [trainer.py] => CNN top1 with task curve: [90.4]
2024-03-30 16:07:10,999 [trainer.py] => CNN top1 task curve: [1.0]
2024-03-30 16:07:11,000 [trainer.py] => All params: 109044251
2024-03-30 16:07:11,000 [trainer.py] => Trainable params: 92180
2024-03-30 16:07:11,000 [inflorab5.py] => Learning on 20-40
2024-03-30 16:25:36,352 [inflorab5.py] => Task 1, Epoch 50/50 => Loss 0.203, Train_accy 94.14
2024-03-30 16:26:00,015 [trainer.py] => Time:1129.0145847797394
2024-03-30 16:26:07,020 [trainer.py] => Time:7.0041069984436035
2024-03-30 16:26:07,058 [inflorab5.py] => Exemplar size: 0
2024-03-30 16:26:07,058 [trainer.py] => CNN: {'total': 85.06, '00-19': 85.67, '20-39': 84.45, 'old': 85.67, 'new': 84.45}
2024-03-30 16:26:07,058 [trainer.py] => CNN top1 curve: [90.4, 85.06]
2024-03-30 16:26:07,058 [trainer.py] => CNN top1 with task curve: [90.4, 89.54]
2024-03-30 16:26:07,058 [trainer.py] => CNN top1 task curve: [1.0, 0.9184704184704184]
2024-03-30 16:26:07,059 [trainer.py] => All params: 109044251
2024-03-30 16:26:07,060 [trainer.py] => Trainable params: 92180
2024-03-30 16:26:07,060 [inflorab5.py] => Learning on 40-60
2024-03-30 16:37:31,191 [inflorab5.py] => Task 2, Epoch 50/50 => Loss 0.276, Train_accy 92.42
2024-03-30 16:37:57,575 [trainer.py] => Time:710.5153622627258
2024-03-30 16:38:08,564 [trainer.py] => Time:10.987976789474487
2024-03-30 16:38:08,615 [inflorab5.py] => Exemplar size: 0
2024-03-30 16:38:08,615 [trainer.py] => CNN: {'total': 80.43, '00-19': 84.1, '20-39': 83.43, '40-59': 69.75, 'old': 83.77, 'new': 69.75}
2024-03-30 16:38:08,615 [trainer.py] => CNN top1 curve: [90.4, 85.06, 80.43]
2024-03-30 16:38:08,615 [trainer.py] => CNN top1 with task curve: [90.4, 89.54, 87.52]
2024-03-30 16:38:08,615 [trainer.py] => CNN top1 task curve: [1.0, 0.9184704184704184, 0.8785046728971962]
2024-03-30 16:38:08,616 [trainer.py] => All params: 109044251
2024-03-30 16:38:08,617 [trainer.py] => Trainable params: 92180
2024-03-30 16:38:08,617 [inflorab5.py] => Learning on 60-80
2024-03-30 16:53:07,325 [inflorab5.py] => Task 3, Epoch 50/50 => Loss 0.197, Train_accy 93.92
2024-03-30 16:53:28,873 [trainer.py] => Time:920.2553696632385
2024-03-30 16:53:44,112 [trainer.py] => Time:15.238414287567139
2024-03-30 16:53:44,157 [inflorab5.py] => Exemplar size: 0
2024-03-30 16:53:44,157 [trainer.py] => CNN: {'total': 77.71, '00-19': 80.09, '20-39': 79.65, '40-59': 69.05, '60-79': 79.04, 'old': 77.3, 'new': 79.04}
2024-03-30 16:53:44,157 [trainer.py] => CNN top1 curve: [90.4, 85.06, 80.43, 77.71]
2024-03-30 16:53:44,157 [trainer.py] => CNN top1 with task curve: [90.4, 89.54, 87.52, 86.99]
2024-03-30 16:53:44,157 [trainer.py] => CNN top1 task curve: [1.0, 0.9184704184704184, 0.8785046728971962, 0.8400503778337531]
2024-03-30 16:53:44,158 [trainer.py] => All params: 109044251
2024-03-30 16:53:44,159 [trainer.py] => Trainable params: 92180
2024-03-30 16:53:44,159 [inflorab5.py] => Learning on 80-100
2024-03-30 17:11:45,012 [inflorab5.py] => Task 4, Epoch 50/50 => Loss 0.209, Train_accy 94.10
2024-03-30 17:12:12,756 [trainer.py] => Time:1108.5962145328522
2024-03-30 17:12:27,547 [trainer.py] => Time:14.790960788726807
2024-03-30 17:12:27,584 [inflorab5.py] => Exemplar size: 0
2024-03-30 17:12:27,584 [trainer.py] => CNN: {'total': 77.95, '00-19': 81.95, '20-39': 79.51, '40-59': 68.82, '60-79': 79.57, '80-99': 76.8, 'old': 78.3, 'new': 76.8}
2024-03-30 17:12:27,584 [trainer.py] => CNN top1 curve: [90.4, 85.06, 80.43, 77.71, 77.95]
2024-03-30 17:12:27,584 [trainer.py] => CNN top1 with task curve: [90.4, 89.54, 87.52, 86.99, 87.73]
2024-03-30 17:12:27,584 [trainer.py] => CNN top1 task curve: [1.0, 0.9184704184704184, 0.8785046728971962, 0.8400503778337531, 0.8280746941403735]
2024-03-30 17:12:27,585 [trainer.py] => All params: 109044251
2024-03-30 17:12:27,586 [trainer.py] => Trainable params: 92180
2024-03-30 17:12:27,586 [inflorab5.py] => Learning on 100-120
2024-03-30 17:26:53,336 [inflorab5.py] => Task 5, Epoch 50/50 => Loss 0.236, Train_accy 93.30
2024-03-30 17:27:14,359 [trainer.py] => Time:886.7731115818024
2024-03-30 17:27:32,809 [trainer.py] => Time:18.449150800704956
2024-03-30 17:27:32,879 [inflorab5.py] => Exemplar size: 0
2024-03-30 17:27:32,879 [trainer.py] => CNN: {'total': 75.86, '00-19': 79.37, '20-39': 79.07, '40-59': 67.9, '60-79': 77.09, '80-99': 75.28, '100-119': 73.21, 'old': 76.34, 'new': 73.21}
2024-03-30 17:27:32,879 [trainer.py] => CNN top1 curve: [90.4, 85.06, 80.43, 77.71, 77.95, 75.86]
2024-03-30 17:27:32,879 [trainer.py] => CNN top1 with task curve: [90.4, 89.54, 87.52, 86.99, 87.73, 87.34]
2024-03-30 17:27:32,879 [trainer.py] => CNN top1 task curve: [1.0, 0.9184704184704184, 0.8785046728971962, 0.8400503778337531, 0.8280746941403735, 0.8063284233496999]
2024-03-30 17:27:32,881 [trainer.py] => All params: 109044251
2024-03-30 17:27:32,882 [trainer.py] => Trainable params: 92180
2024-03-30 17:27:32,882 [inflorab5.py] => Learning on 120-140
2024-03-30 17:42:16,742 [inflorab5.py] => Task 6, Epoch 50/50 => Loss 0.307, Train_accy 91.47
2024-03-30 17:43:14,941 [trainer.py] => Time:942.0589277744293
2024-03-30 17:43:36,061 [trainer.py] => Time:21.115941047668457
2024-03-30 17:43:36,146 [inflorab5.py] => Exemplar size: 0
2024-03-30 17:43:36,146 [trainer.py] => CNN: {'total': 74.21, '00-19': 79.8, '20-39': 77.33, '40-59': 66.28, '60-79': 70.16, '80-99': 75.69, '100-119': 70.18, '120-139': 75.63, 'old': 73.98, 'new': 75.63}
2024-03-30 17:43:36,146 [trainer.py] => CNN top1 curve: [90.4, 85.06, 80.43, 77.71, 77.95, 75.86, 74.21]
2024-03-30 17:43:36,146 [trainer.py] => CNN top1 with task curve: [90.4, 89.54, 87.52, 86.99, 87.73, 87.34, 86.28]
2024-03-30 17:43:36,146 [trainer.py] => CNN top1 task curve: [1.0, 0.9184704184704184, 0.8785046728971962, 0.8400503778337531, 0.8280746941403735, 0.8063284233496999, 0.7885835095137421]
2024-03-30 17:43:36,149 [trainer.py] => All params: 109044251
2024-03-30 17:43:36,151 [trainer.py] => Trainable params: 92180
2024-03-30 17:43:36,151 [inflorab5.py] => Learning on 140-160
2024-03-30 17:55:59,709 [inflorab5.py] => Task 7, Epoch 50/50 => Loss 0.232, Train_accy 92.77
2024-03-30 17:56:20,351 [trainer.py] => Time:764.1999034881592
2024-03-30 17:56:41,007 [trainer.py] => Time:20.655713081359863
2024-03-30 17:56:41,056 [inflorab5.py] => Exemplar size: 0
2024-03-30 17:56:41,056 [trainer.py] => CNN: {'total': 72.54, '00-19': 77.94, '20-39': 77.91, '40-59': 66.05, '60-79': 69.45, '80-99': 73.48, '100-119': 69.46, '120-139': 70.73, '140-159': 70.69, 'old': 72.73, 'new': 70.69}
2024-03-30 17:56:41,056 [trainer.py] => CNN top1 curve: [90.4, 85.06, 80.43, 77.71, 77.95, 75.86, 74.21, 72.54]
2024-03-30 17:56:41,056 [trainer.py] => CNN top1 with task curve: [90.4, 89.54, 87.52, 86.99, 87.73, 87.34, 86.28, 85.6]
2024-03-30 17:56:41,056 [trainer.py] => CNN top1 task curve: [1.0, 0.9184704184704184, 0.8785046728971962, 0.8400503778337531, 0.8280746941403735, 0.8063284233496999, 0.7885835095137421, 0.7696581196581197]
2024-03-30 17:56:41,057 [trainer.py] => All params: 109044251
2024-03-30 17:56:41,058 [trainer.py] => Trainable params: 92180
2024-03-30 17:56:41,058 [inflorab5.py] => Learning on 160-180
2024-03-30 18:12:41,050 [inflorab5.py] => Task 8, Epoch 50/50 => Loss 0.172, Train_accy 95.58
2024-03-30 18:13:07,327 [trainer.py] => Time:986.2691261768341
2024-03-30 18:13:30,696 [trainer.py] => Time:23.36835026741028
2024-03-30 18:13:30,757 [inflorab5.py] => Exemplar size: 0
2024-03-30 18:13:30,757 [trainer.py] => CNN: {'total': 73.27, '00-19': 78.65, '20-39': 76.89, '40-59': 65.82, '60-79': 68.21, '80-99': 74.03, '100-119': 69.46, '120-139': 70.9, '140-159': 69.27, '160-179': 80.52, 'old': 72.31, 'new': 80.52}
2024-03-30 18:13:30,757 [trainer.py] => CNN top1 curve: [90.4, 85.06, 80.43, 77.71, 77.95, 75.86, 74.21, 72.54, 73.27]
2024-03-30 18:13:30,757 [trainer.py] => CNN top1 with task curve: [90.4, 89.54, 87.52, 86.99, 87.73, 87.34, 86.28, 85.6, 86.64]
2024-03-30 18:13:30,757 [trainer.py] => CNN top1 task curve: [1.0, 0.9184704184704184, 0.8785046728971962, 0.8400503778337531, 0.8280746941403735, 0.8063284233496999, 0.7885835095137421, 0.7696581196581197, 0.7709866063006979]
2024-03-30 18:13:30,759 [trainer.py] => All params: 109044251
2024-03-30 18:13:30,760 [trainer.py] => Trainable params: 92180
2024-03-30 18:13:30,760 [inflorab5.py] => Learning on 180-200
2024-03-30 18:31:52,391 [inflorab5.py] => Task 9, Epoch 50/50 => Loss 0.200, Train_accy 94.50
2024-03-30 18:32:25,627 [trainer.py] => Time:1134.866512298584
2024-03-30 18:32:52,234 [trainer.py] => Time:26.60656714439392
2024-03-30 18:32:52,301 [inflorab5.py] => Exemplar size: 0
2024-03-30 18:32:52,301 [trainer.py] => CNN: {'total': 72.63, '00-19': 77.22, '20-39': 75.44, '40-59': 65.82, '60-79': 66.43, '80-99': 74.17, '100-119': 68.93, '120-139': 70.22, '140-159': 67.61, '160-179': 79.55, '180-199': 74.82, 'old': 72.34, 'new': 74.82}
2024-03-30 18:32:52,301 [trainer.py] => CNN top1 curve: [90.4, 85.06, 80.43, 77.71, 77.95, 75.86, 74.21, 72.54, 73.27, 72.63]
2024-03-30 18:32:52,301 [trainer.py] => CNN top1 with task curve: [90.4, 89.54, 87.52, 86.99, 87.73, 87.34, 86.28, 85.6, 86.64, 86.62]
2024-03-30 18:32:52,301 [trainer.py] => CNN top1 task curve: [1.0, 0.9184704184704184, 0.8785046728971962, 0.8400503778337531, 0.8280746941403735, 0.8063284233496999, 0.7885835095137421, 0.7696581196581197, 0.7709866063006979, 0.7648333333333334]
2024-03-30 19:03:55,500 [trainer.py] => config: configs/mimg10_inflorab5.json
2024-03-30 19:03:55,500 [trainer.py] => device: [device(type='cuda', index=0)]
2024-03-30 19:03:55,501 [trainer.py] => prefix: reproduce
2024-03-30 19:03:55,501 [trainer.py] => dataset: ImageNet_R
2024-03-30 19:03:55,501 [trainer.py] => data_path: data/imagenet-r
2024-03-30 19:03:55,501 [trainer.py] => memory_size: 0
2024-03-30 19:03:55,501 [trainer.py] => memory_per_class: 0
2024-03-30 19:03:55,501 [trainer.py] => fixed_memory: True
2024-03-30 19:03:55,501 [trainer.py] => shuffle: False
2024-03-30 19:03:55,501 [trainer.py] => init_cls: 20
2024-03-30 19:03:55,501 [trainer.py] => increment: 20
2024-03-30 19:03:55,501 [trainer.py] => model_name: InfLoRAb5
2024-03-30 19:03:55,501 [trainer.py] => net_type: sip
2024-03-30 19:03:55,501 [trainer.py] => embd_dim: 768
2024-03-30 19:03:55,501 [trainer.py] => num_heads: 12
2024-03-30 19:03:55,501 [trainer.py] => total_sessions: 10
2024-03-30 19:03:55,501 [trainer.py] => seed: 0
2024-03-30 19:03:55,501 [trainer.py] => EPSILON: 1e-08
2024-03-30 19:03:55,501 [trainer.py] => init_epoch: 50
2024-03-30 19:03:55,501 [trainer.py] => optim: adam
2024-03-30 19:03:55,501 [trainer.py] => init_lr: 0.0005
2024-03-30 19:03:55,501 [trainer.py] => init_lr_decay: 0.1
2024-03-30 19:03:55,501 [trainer.py] => init_weight_decay: 0.0
2024-03-30 19:03:55,501 [trainer.py] => epochs: 50
2024-03-30 19:03:55,501 [trainer.py] => lrate: 0.0005
2024-03-30 19:03:55,501 [trainer.py] => lrate_decay: 0.1
2024-03-30 19:03:55,501 [trainer.py] => batch_size: 128
2024-03-30 19:03:55,501 [trainer.py] => weight_decay: 0.0
2024-03-30 19:03:55,501 [trainer.py] => rank: 10
2024-03-30 19:03:55,501 [trainer.py] => lamb: 0.98
2024-03-30 19:03:55,501 [trainer.py] => lame: 1.0
2024-03-30 19:03:55,501 [trainer.py] => num_workers: 16
2024-03-30 19:03:55,600 [data_manager.py] => [0, 1, 2, 3, 4, 5, 6, 7, 8, 9, 10, 11, 12, 13, 14, 15, 16, 17, 18, 19, 20, 21, 22, 23, 24, 25, 26, 27, 28, 29, 30, 31, 32, 33, 34, 35, 36, 37, 38, 39, 40, 41, 42, 43, 44, 45, 46, 47, 48, 49, 50, 51, 52, 53, 54, 55, 56, 57, 58, 59, 60, 61, 62, 63, 64, 65, 66, 67, 68, 69, 70, 71, 72, 73, 74, 75, 76, 77, 78, 79, 80, 81, 82, 83, 84, 85, 86, 87, 88, 89, 90, 91, 92, 93, 94, 95, 96, 97, 98, 99, 100, 101, 102, 103, 104, 105, 106, 107, 108, 109, 110, 111, 112, 113, 114, 115, 116, 117, 118, 119, 120, 121, 122, 123, 124, 125, 126, 127, 128, 129, 130, 131, 132, 133, 134, 135, 136, 137, 138, 139, 140, 141, 142, 143, 144, 145, 146, 147, 148, 149, 150, 151, 152, 153, 154, 155, 156, 157, 158, 159, 160, 161, 162, 163, 164, 165, 166, 167, 168, 169, 170, 171, 172, 173, 174, 175, 176, 177, 178, 179, 180, 181, 182, 183, 184, 185, 186, 187, 188, 189, 190, 191, 192, 193, 194, 195, 196, 197, 198, 199]
2024-03-30 19:04:02,449 [trainer.py] => All params: 109044251
2024-03-30 19:04:02,451 [trainer.py] => Trainable params: 109044251
2024-03-30 19:04:02,452 [inflorab5.py] => Learning on 0-20
2024-03-30 19:20:56,090 [inflorab5.py] => Task 0, Epoch 50/50 => Loss 0.168, Train_accy 95.30
2024-03-30 19:21:36,988 [trainer.py] => Time:1054.5366079807281
2024-03-30 19:21:43,447 [trainer.py] => Time:6.455139875411987
2024-03-30 19:21:43,527 [inflorab5.py] => Exemplar size: 0
2024-03-30 19:21:43,528 [trainer.py] => CNN: {'total': 89.68, '00-19': 89.68, 'old': 0, 'new': 89.68}
2024-03-30 19:21:43,528 [trainer.py] => CNN top1 curve: [89.68]
2024-03-30 19:21:43,528 [trainer.py] => CNN top1 with task curve: [89.68]
2024-03-30 19:21:43,528 [trainer.py] => CNN top1 task curve: [1.0]
2024-03-30 19:21:43,530 [trainer.py] => All params: 109044251
2024-03-30 19:21:43,532 [trainer.py] => Trainable params: 92180
2024-03-30 19:21:43,532 [inflorab5.py] => Learning on 20-40
2024-03-30 19:40:54,088 [inflorab5.py] => Task 1, Epoch 50/50 => Loss 0.210, Train_accy 93.87
2024-03-30 19:41:19,240 [trainer.py] => Time:1175.7082877159119
2024-03-30 19:41:27,216 [trainer.py] => Time:7.97526216506958
2024-03-30 19:41:27,253 [inflorab5.py] => Exemplar size: 0
2024-03-30 19:41:27,253 [trainer.py] => CNN: {'total': 84.85, '00-19': 86.82, '20-39': 82.85, 'old': 86.82, 'new': 82.85}
2024-03-30 19:41:27,253 [trainer.py] => CNN top1 curve: [89.68, 84.85]
2024-03-30 19:41:27,253 [trainer.py] => CNN top1 with task curve: [89.68, 89.61]
2024-03-30 19:41:27,253 [trainer.py] => CNN top1 task curve: [1.0, 0.9163059163059163]
2024-03-30 19:41:27,254 [trainer.py] => All params: 109044251
2024-03-30 19:41:27,255 [trainer.py] => Trainable params: 92180
2024-03-30 19:41:27,255 [inflorab5.py] => Learning on 40-60
2024-03-30 19:52:46,860 [inflorab5.py] => Task 2, Epoch 50/50 => Loss 0.276, Train_accy 92.54
2024-03-30 19:53:07,078 [trainer.py] => Time:699.8220438957214
2024-03-30 19:53:16,157 [trainer.py] => Time:9.078851222991943
2024-03-30 19:53:16,194 [inflorab5.py] => Exemplar size: 0
2024-03-30 19:53:16,194 [trainer.py] => CNN: {'total': 80.32, '00-19': 84.81, '20-39': 81.69, '40-59': 70.9, 'old': 83.26, 'new': 70.9}
2024-03-30 19:53:16,194 [trainer.py] => CNN top1 curve: [89.68, 84.85, 80.32]
2024-03-30 19:53:16,194 [trainer.py] => CNN top1 with task curve: [89.68, 89.61, 87.69]
2024-03-30 19:53:16,194 [trainer.py] => CNN top1 task curve: [1.0, 0.9163059163059163, 0.879604178119846]
2024-03-30 19:53:16,195 [trainer.py] => All params: 109044251
2024-03-30 19:53:16,196 [trainer.py] => Trainable params: 92180
2024-03-30 19:53:16,196 [inflorab5.py] => Learning on 60-80
2024-03-30 20:08:21,665 [inflorab5.py] => Task 3, Epoch 50/50 => Loss 0.207, Train_accy 93.97
2024-03-30 20:08:44,097 [trainer.py] => Time:927.9007158279419
2024-03-30 20:08:55,409 [trainer.py] => Time:11.311385869979858
2024-03-30 20:08:55,478 [inflorab5.py] => Exemplar size: 0
2024-03-30 20:08:55,478 [trainer.py] => CNN: {'total': 77.67, '00-19': 81.52, '20-39': 78.49, '40-59': 69.28, '60-79': 78.33, 'old': 77.46, 'new': 78.33}
2024-03-30 20:08:55,478 [trainer.py] => CNN top1 curve: [89.68, 84.85, 80.32, 77.67]
2024-03-30 20:08:55,478 [trainer.py] => CNN top1 with task curve: [89.68, 89.61, 87.69, 87.24]
2024-03-30 20:08:55,479 [trainer.py] => CNN top1 task curve: [1.0, 0.9163059163059163, 0.879604178119846, 0.8387909319899244]
2024-03-30 20:08:55,481 [trainer.py] => All params: 109044251
2024-03-30 20:08:55,483 [trainer.py] => Trainable params: 92180
2024-03-30 20:08:55,483 [inflorab5.py] => Learning on 80-100
2024-03-30 20:26:44,025 [inflorab5.py] => Task 4, Epoch 50/50 => Loss 0.210, Train_accy 93.67
2024-03-30 20:27:09,284 [trainer.py] => Time:1093.7996561527252
2024-03-30 20:27:24,945 [trainer.py] => Time:15.660779237747192
2024-03-30 20:27:25,018 [inflorab5.py] => Exemplar size: 0
2024-03-30 20:27:25,018 [trainer.py] => CNN: {'total': 77.27, '00-19': 82.23, '20-39': 78.92, '40-59': 68.82, '60-79': 77.09, '80-99': 76.1, 'old': 77.62, 'new': 76.1}
2024-03-30 20:27:25,018 [trainer.py] => CNN top1 curve: [89.68, 84.85, 80.32, 77.67, 77.27]
2024-03-30 20:27:25,018 [trainer.py] => CNN top1 with task curve: [89.68, 89.61, 87.69, 87.24, 87.09]
2024-03-30 20:27:25,018 [trainer.py] => CNN top1 task curve: [1.0, 0.9163059163059163, 0.879604178119846, 0.8387909319899244, 0.8232453316162267]
2024-03-30 20:27:25,020 [trainer.py] => All params: 109044251
2024-03-30 20:27:25,021 [trainer.py] => Trainable params: 92180
2024-03-30 20:27:25,021 [inflorab5.py] => Learning on 100-120
2024-03-30 20:41:42,542 [inflorab5.py] => Task 5, Epoch 50/50 => Loss 0.234, Train_accy 93.21
2024-03-30 20:42:03,846 [trainer.py] => Time:878.8245899677277
2024-03-30 20:42:22,133 [trainer.py] => Time:18.287427186965942
2024-03-30 20:42:22,172 [inflorab5.py] => Exemplar size: 0
2024-03-30 20:42:22,173 [trainer.py] => CNN: {'total': 76.1, '00-19': 81.38, '20-39': 78.78, '40-59': 68.13, '60-79': 75.31, '80-99': 75.28, '100-119': 74.29, 'old': 76.43, 'new': 74.29}
2024-03-30 20:42:22,173 [trainer.py] => CNN top1 curve: [89.68, 84.85, 80.32, 77.67, 77.27, 76.1]
2024-03-30 20:42:22,173 [trainer.py] => CNN top1 with task curve: [89.68, 89.61, 87.69, 87.24, 87.09, 87.56]
2024-03-30 20:42:22,173 [trainer.py] => CNN top1 task curve: [1.0, 0.9163059163059163, 0.879604178119846, 0.8387909319899244, 0.8232453316162267, 0.8063284233496999]
2024-03-30 20:42:22,174 [trainer.py] => All params: 109044251
2024-03-30 20:42:22,175 [trainer.py] => Trainable params: 92180
2024-03-30 20:42:22,175 [inflorab5.py] => Learning on 120-140
2024-03-30 20:56:49,089 [inflorab5.py] => Task 6, Epoch 50/50 => Loss 0.312, Train_accy 91.25
2024-03-30 20:57:09,827 [trainer.py] => Time:887.6513164043427
2024-03-30 20:57:30,876 [trainer.py] => Time:21.048712491989136
2024-03-30 20:57:30,934 [inflorab5.py] => Exemplar size: 0
2024-03-30 20:57:30,934 [trainer.py] => CNN: {'total': 74.86, '00-19': 82.52, '20-39': 77.18, '40-59': 69.05, '60-79': 72.47, '80-99': 74.59, '100-119': 69.11, '120-139': 75.47, 'old': 74.77, 'new': 75.47}
2024-03-30 20:57:30,934 [trainer.py] => CNN top1 curve: [89.68, 84.85, 80.32, 77.67, 77.27, 76.1, 74.86]
2024-03-30 20:57:30,934 [trainer.py] => CNN top1 with task curve: [89.68, 89.61, 87.69, 87.24, 87.09, 87.56, 86.82]
2024-03-30 20:57:30,934 [trainer.py] => CNN top1 task curve: [1.0, 0.9163059163059163, 0.879604178119846, 0.8387909319899244, 0.8232453316162267, 0.8063284233496999, 0.7937514681700728]
2024-03-30 20:57:30,936 [trainer.py] => All params: 109044251
2024-03-30 20:57:30,937 [trainer.py] => Trainable params: 92180
2024-03-30 20:57:30,938 [inflorab5.py] => Learning on 140-160
2024-03-30 21:09:46,424 [inflorab5.py] => Task 7, Epoch 50/50 => Loss 0.232, Train_accy 93.26
2024-03-30 21:10:37,507 [trainer.py] => Time:786.5689535140991
2024-03-30 21:11:01,238 [trainer.py] => Time:23.7314875125885
2024-03-30 21:11:01,299 [inflorab5.py] => Exemplar size: 0
2024-03-30 21:11:01,299 [trainer.py] => CNN: {'total': 73.44, '00-19': 81.09, '20-39': 77.18, '40-59': 68.13, '60-79': 69.63, '80-99': 74.45, '100-119': 68.21, '120-139': 72.76, '140-159': 71.39, 'old': 73.64, 'new': 71.39}
2024-03-30 21:11:01,299 [trainer.py] => CNN top1 curve: [89.68, 84.85, 80.32, 77.67, 77.27, 76.1, 74.86, 73.44]
2024-03-30 21:11:01,299 [trainer.py] => CNN top1 with task curve: [89.68, 89.61, 87.69, 87.24, 87.09, 87.56, 86.82, 86.37]
2024-03-30 21:11:01,300 [trainer.py] => CNN top1 task curve: [1.0, 0.9163059163059163, 0.879604178119846, 0.8387909319899244, 0.8232453316162267, 0.8063284233496999, 0.7937514681700728, 0.7786324786324786]
2024-03-30 21:11:01,301 [trainer.py] => All params: 109044251
2024-03-30 21:11:01,302 [trainer.py] => Trainable params: 92180
2024-03-30 21:11:01,302 [inflorab5.py] => Learning on 160-180
2024-03-30 21:27:01,582 [inflorab5.py] => Task 8, Epoch 50/50 => Loss 0.173, Train_accy 95.10
2024-03-30 21:27:32,177 [trainer.py] => Time:990.8751103878021
2024-03-30 21:27:59,211 [trainer.py] => Time:27.032915115356445
2024-03-30 21:27:59,285 [inflorab5.py] => Exemplar size: 0
2024-03-30 21:27:59,285 [trainer.py] => CNN: {'total': 73.82, '00-19': 81.52, '20-39': 76.74, '40-59': 67.67, '60-79': 69.09, '80-99': 73.76, '100-119': 67.68, '120-139': 71.91, '140-159': 69.03, '160-179': 81.16, 'old': 72.84, 'new': 81.16}
2024-03-30 21:27:59,285 [trainer.py] => CNN top1 curve: [89.68, 84.85, 80.32, 77.67, 77.27, 76.1, 74.86, 73.44, 73.82]
2024-03-30 21:27:59,285 [trainer.py] => CNN top1 with task curve: [89.68, 89.61, 87.69, 87.24, 87.09, 87.56, 86.82, 86.37, 87.04]
2024-03-30 21:27:59,285 [trainer.py] => CNN top1 task curve: [1.0, 0.9163059163059163, 0.879604178119846, 0.8387909319899244, 0.8232453316162267, 0.8063284233496999, 0.7937514681700728, 0.7786324786324786, 0.7770232031692134]
2024-03-30 21:27:59,287 [trainer.py] => All params: 109044251
2024-03-30 21:27:59,288 [trainer.py] => Trainable params: 92180
2024-03-30 21:27:59,288 [inflorab5.py] => Learning on 180-200
2024-03-30 21:45:46,781 [inflorab5.py] => Task 9, Epoch 50/50 => Loss 0.194, Train_accy 94.33
2024-03-30 21:46:21,375 [trainer.py] => Time:1102.0869784355164
2024-03-30 21:46:47,385 [trainer.py] => Time:26.00907325744629
2024-03-30 21:46:47,478 [inflorab5.py] => Exemplar size: 0
2024-03-30 21:46:47,478 [trainer.py] => CNN: {'total': 73.52, '00-19': 80.66, '20-39': 75.73, '40-59': 67.67, '60-79': 69.45, '80-99': 73.9, '100-119': 66.96, '120-139': 69.88, '140-159': 68.32, '160-179': 80.52, '180-199': 75.97, 'old': 73.19, 'new': 75.97}
2024-03-30 21:46:47,478 [trainer.py] => CNN top1 curve: [89.68, 84.85, 80.32, 77.67, 77.27, 76.1, 74.86, 73.44, 73.82, 73.52]
2024-03-30 21:46:47,478 [trainer.py] => CNN top1 with task curve: [89.68, 89.61, 87.69, 87.24, 87.09, 87.56, 86.82, 86.37, 87.04, 87.02]
2024-03-30 21:46:47,478 [trainer.py] => CNN top1 task curve: [1.0, 0.9163059163059163, 0.879604178119846, 0.8387909319899244, 0.8232453316162267, 0.8063284233496999, 0.7937514681700728, 0.7786324786324786, 0.7770232031692134, 0.7698333333333334]
