2025-03-13 10:21:09,294 [trainer.py] => config: configs/mimg10_inflora.json
2025-03-13 10:21:09,294 [trainer.py] => device: [device(type='cuda', index=0)]
2025-03-13 10:21:09,294 [trainer.py] => prefix: reproduce
2025-03-13 10:21:09,294 [trainer.py] => dataset: ImageNet_R
2025-03-13 10:21:09,294 [trainer.py] => data_path: data/imagenet-r
2025-03-13 10:21:09,294 [trainer.py] => memory_size: 0
2025-03-13 10:21:09,294 [trainer.py] => memory_per_class: 0
2025-03-13 10:21:09,294 [trainer.py] => fixed_memory: True
2025-03-13 10:21:09,294 [trainer.py] => shuffle: True
2025-03-13 10:21:09,294 [trainer.py] => init_cls: 20
2025-03-13 10:21:09,294 [trainer.py] => increment: 20
2025-03-13 10:21:09,294 [trainer.py] => model_name: InfLoRA
2025-03-13 10:21:09,295 [trainer.py] => net_type: sip
2025-03-13 10:21:09,295 [trainer.py] => embd_dim: 768
2025-03-13 10:21:09,295 [trainer.py] => num_heads: 12
2025-03-13 10:21:09,295 [trainer.py] => total_sessions: 10
2025-03-13 10:21:09,295 [trainer.py] => seed: 1993
2025-03-13 10:21:09,295 [trainer.py] => EPSILON: 1e-08
2025-03-13 10:21:09,295 [trainer.py] => init_epoch: 50
2025-03-13 10:21:09,295 [trainer.py] => optim: adam
2025-03-13 10:21:09,295 [trainer.py] => init_lr: 0.0005
2025-03-13 10:21:09,295 [trainer.py] => init_lr_decay: 0.1
2025-03-13 10:21:09,295 [trainer.py] => init_weight_decay: 0.0
2025-03-13 10:21:09,295 [trainer.py] => epochs: 50
2025-03-13 10:21:09,295 [trainer.py] => lrate: 0.0005
2025-03-13 10:21:09,295 [trainer.py] => lrate_decay: 0.1
2025-03-13 10:21:09,295 [trainer.py] => batch_size: 128
2025-03-13 10:21:09,295 [trainer.py] => weight_decay: 0.0
2025-03-13 10:21:09,295 [trainer.py] => rank: 10
2025-03-13 10:21:09,295 [trainer.py] => lamb: 0.98
2025-03-13 10:21:09,295 [trainer.py] => lame: 1.0
2025-03-13 10:21:09,295 [trainer.py] => num_workers: 16
2025-03-13 10:21:09,383 [data_manager.py] => [168, 136, 51, 9, 183, 101, 171, 99, 42, 159, 191, 70, 16, 188, 27, 10, 175, 26, 68, 187, 98, 6, 85, 35, 112, 43, 100, 0, 103, 181, 88, 59, 4, 2, 116, 174, 94, 80, 106, 1, 147, 17, 141, 131, 72, 23, 173, 54, 197, 118, 87, 32, 79, 104, 91, 19, 135, 107, 178, 36, 11, 199, 142, 8, 122, 3, 28, 57, 153, 172, 190, 56, 49, 44, 97, 62, 151, 169, 194, 55, 192, 12, 189, 78, 66, 180, 15, 137, 109, 134, 92, 119, 126, 52, 170, 40, 148, 65, 144, 64, 138, 45, 77, 89, 154, 90, 71, 193, 74, 30, 113, 143, 96, 84, 67, 50, 186, 156, 69, 21, 18, 111, 108, 58, 125, 157, 150, 110, 182, 129, 166, 83, 81, 60, 13, 165, 14, 176, 63, 117, 5, 22, 145, 121, 38, 41, 82, 127, 114, 20, 31, 53, 37, 163, 196, 130, 152, 162, 86, 76, 24, 34, 184, 149, 33, 128, 198, 155, 146, 167, 139, 120, 140, 102, 47, 25, 158, 123, 46, 164, 61, 7, 115, 75, 133, 160, 105, 132, 179, 124, 48, 73, 93, 39, 95, 195, 29, 177, 185, 161]
2025-03-13 10:21:14,719 [trainer.py] => All params: 111348451
2025-03-13 10:21:14,722 [trainer.py] => Trainable params: 111348451
2025-03-13 10:21:14,722 [inflora.py] => Learning on 0-20
2025-03-13 10:32:33,784 [inflora.py] => Task 0, Epoch 50/50 => Loss 0.138, Train_accy 95.61
2025-03-13 10:32:53,138 [trainer.py] => Time:698.4159958362579
2025-03-13 10:32:57,350 [trainer.py] => Time:4.211355924606323
2025-03-13 10:32:57,350 [inflora.py] => Exemplar size: 0
2025-03-13 10:32:57,350 [trainer.py] => CNN: {'total': 93.59, '00-19': 93.59, 'old': 0, 'new': 93.59}
2025-03-13 10:32:57,350 [trainer.py] => CNN top1 curve: [93.59]
2025-03-13 10:32:57,350 [trainer.py] => CNN top1 with task curve: [93.59]
2025-03-13 10:32:57,351 [trainer.py] => CNN top1 task curve: [1.0]
2025-03-13 10:32:57,952 [trainer.py] => All params: 111348451
2025-03-13 10:32:57,953 [trainer.py] => Trainable params: 199700
2025-03-13 10:32:57,953 [inflora.py] => Learning on 20-40
2025-03-13 10:43:07,875 [inflora.py] => Task 1, Epoch 50/50 => Loss 0.146, Train_accy 95.38
2025-03-13 10:43:28,370 [trainer.py] => Time:630.4161756038666
2025-03-13 10:43:33,209 [trainer.py] => Time:4.839360237121582
2025-03-13 10:43:33,210 [inflora.py] => Exemplar size: 0
2025-03-13 10:43:33,210 [trainer.py] => CNN: {'total': 88.53, '00-19': 91.51, '20-39': 85.71, 'old': 91.51, 'new': 85.71}
2025-03-13 10:43:33,210 [trainer.py] => CNN top1 curve: [93.59, 88.53]
2025-03-13 10:43:33,210 [trainer.py] => CNN top1 with task curve: [93.59, 92.53]
2025-03-13 10:43:33,210 [trainer.py] => CNN top1 task curve: [1.0, 0.9238026124818578]
2025-03-13 10:43:33,792 [trainer.py] => All params: 111348451
2025-03-13 10:43:33,794 [trainer.py] => Trainable params: 199700
2025-03-13 10:43:33,794 [inflora.py] => Learning on 40-60
2025-03-13 10:53:10,009 [inflora.py] => Task 2, Epoch 50/50 => Loss 0.170, Train_accy 95.11
2025-03-13 10:53:30,130 [trainer.py] => Time:596.3365294933319
2025-03-13 10:53:36,300 [trainer.py] => Time:6.1688926219940186
2025-03-13 10:53:36,300 [inflora.py] => Exemplar size: 0
2025-03-13 10:53:36,300 [trainer.py] => CNN: {'total': 86.01, '00-19': 89.72, '20-39': 84.16, '40-59': 84.03, 'old': 86.87, 'new': 84.03}
2025-03-13 10:53:36,300 [trainer.py] => CNN top1 curve: [93.59, 88.53, 86.01]
2025-03-13 10:53:36,300 [trainer.py] => CNN top1 with task curve: [93.59, 92.53, 92.35]
2025-03-13 10:53:36,300 [trainer.py] => CNN top1 task curve: [1.0, 0.9238026124818578, 0.8935631018753167]
2025-03-13 10:53:36,847 [trainer.py] => All params: 111348451
2025-03-13 10:53:36,849 [trainer.py] => Trainable params: 199700
2025-03-13 10:53:36,849 [inflora.py] => Learning on 60-80
2025-03-13 11:03:11,269 [inflora.py] => Task 3, Epoch 50/50 => Loss 0.175, Train_accy 94.87
2025-03-13 11:03:37,507 [trainer.py] => Time:600.6574745178223
2025-03-13 11:03:44,574 [trainer.py] => Time:7.066502094268799
2025-03-13 11:03:44,574 [inflora.py] => Exemplar size: 0
2025-03-13 11:03:44,574 [trainer.py] => CNN: {'total': 83.91, '00-19': 90.16, '20-39': 80.91, '40-59': 83.53, '60-79': 80.64, 'old': 84.85, 'new': 80.64}
2025-03-13 11:03:44,574 [trainer.py] => CNN top1 curve: [93.59, 88.53, 86.01, 83.91]
2025-03-13 11:03:44,574 [trainer.py] => CNN top1 with task curve: [93.59, 92.53, 92.35, 91.64]
2025-03-13 11:03:44,574 [trainer.py] => CNN top1 task curve: [1.0, 0.9238026124818578, 0.8935631018753167, 0.8686908517350158]
2025-03-13 11:03:45,152 [trainer.py] => All params: 111348451
2025-03-13 11:03:45,154 [trainer.py] => Trainable params: 199700
2025-03-13 11:03:45,154 [inflora.py] => Learning on 80-100
2025-03-13 11:12:44,044 [inflora.py] => Task 4, Epoch 50/50 => Loss 0.174, Train_accy 94.94
2025-03-13 11:13:03,069 [trainer.py] => Time:557.9144215583801
2025-03-13 11:13:11,169 [trainer.py] => Time:8.099991083145142
2025-03-13 11:13:11,170 [inflora.py] => Exemplar size: 0
2025-03-13 11:13:11,170 [trainer.py] => CNN: {'total': 81.23, '00-19': 87.18, '20-39': 82.04, '40-59': 80.67, '60-79': 77.8, '80-99': 77.05, 'old': 82.14, 'new': 77.05}
2025-03-13 11:13:11,170 [trainer.py] => CNN top1 curve: [93.59, 88.53, 86.01, 83.91, 81.23]
2025-03-13 11:13:11,170 [trainer.py] => CNN top1 with task curve: [93.59, 92.53, 92.35, 91.64, 91.6]
2025-03-13 11:13:11,170 [trainer.py] => CNN top1 task curve: [1.0, 0.9238026124818578, 0.8935631018753167, 0.8686908517350158, 0.8392220421393841]
2025-03-13 11:13:11,837 [trainer.py] => All params: 111348451
2025-03-13 11:13:11,839 [trainer.py] => Trainable params: 199700
2025-03-13 11:13:11,839 [inflora.py] => Learning on 100-120
2025-03-13 11:23:59,037 [inflora.py] => Task 5, Epoch 50/50 => Loss 0.144, Train_accy 95.74
2025-03-13 11:24:21,013 [trainer.py] => Time:669.1735572814941
2025-03-13 11:24:30,458 [trainer.py] => Time:9.443861246109009
2025-03-13 11:24:30,458 [inflora.py] => Exemplar size: 0
2025-03-13 11:24:30,459 [trainer.py] => CNN: {'total': 79.49, '00-19': 85.39, '20-39': 81.19, '40-59': 79.83, '60-79': 74.96, '80-99': 74.68, '100-119': 79.23, 'old': 79.55, 'new': 79.23}
2025-03-13 11:24:30,459 [trainer.py] => CNN top1 curve: [93.59, 88.53, 86.01, 83.91, 81.23, 79.49]
2025-03-13 11:24:30,459 [trainer.py] => CNN top1 with task curve: [93.59, 92.53, 92.35, 91.64, 91.6, 91.99]
2025-03-13 11:24:30,459 [trainer.py] => CNN top1 task curve: [1.0, 0.9238026124818578, 0.8935631018753167, 0.8686908517350158, 0.8392220421393841, 0.8169725990955041]
2025-03-13 11:24:31,044 [trainer.py] => All params: 111348451
2025-03-13 11:24:31,046 [trainer.py] => Trainable params: 199700
2025-03-13 11:24:31,046 [inflora.py] => Learning on 120-140
2025-03-13 11:39:50,246 [inflora.py] => Task 6, Epoch 50/50 => Loss 0.130, Train_accy 96.21
2025-03-13 11:40:16,759 [trainer.py] => Time:945.7134833335876
2025-03-13 11:40:40,298 [trainer.py] => Time:23.538548469543457
2025-03-13 11:40:40,299 [inflora.py] => Exemplar size: 0
2025-03-13 11:40:40,299 [trainer.py] => CNN: {'total': 79.07, '00-19': 85.39, '20-39': 81.19, '40-59': 79.16, '60-79': 74.42, '80-99': 74.5, '100-119': 78.49, '120-139': 78.53, 'old': 79.14, 'new': 78.53}
2025-03-13 11:40:40,299 [trainer.py] => CNN top1 curve: [93.59, 88.53, 86.01, 83.91, 81.23, 79.49, 79.07]
2025-03-13 11:40:40,299 [trainer.py] => CNN top1 with task curve: [93.59, 92.53, 92.35, 91.64, 91.6, 91.99, 91.93]
2025-03-13 11:40:40,299 [trainer.py] => CNN top1 task curve: [1.0, 0.9238026124818578, 0.8935631018753167, 0.8686908517350158, 0.8392220421393841, 0.8169725990955041, 0.8108869075551385]
2025-03-13 11:40:40,869 [trainer.py] => All params: 111348451
2025-03-13 11:40:40,871 [trainer.py] => Trainable params: 199700
2025-03-13 11:40:40,871 [inflora.py] => Learning on 140-160
2025-03-13 12:01:01,526 [inflora.py] => Task 7, Epoch 50/50 => Loss 0.166, Train_accy 95.87
2025-03-13 12:01:36,502 [trainer.py] => Time:1255.6314463615417
2025-03-13 12:02:00,339 [trainer.py] => Time:23.836344003677368
2025-03-13 12:02:00,340 [inflora.py] => Exemplar size: 0
2025-03-13 12:02:00,340 [trainer.py] => CNN: {'total': 78.33, '00-19': 84.8, '20-39': 80.2, '40-59': 78.49, '60-79': 74.25, '80-99': 74.13, '100-119': 76.85, '120-139': 77.53, '140-159': 78.7, 'old': 78.27, 'new': 78.7}
2025-03-13 12:02:00,340 [trainer.py] => CNN top1 curve: [93.59, 88.53, 86.01, 83.91, 81.23, 79.49, 79.07, 78.33]
2025-03-13 12:02:00,340 [trainer.py] => CNN top1 with task curve: [93.59, 92.53, 92.35, 91.64, 91.6, 91.99, 91.93, 92.39]
2025-03-13 12:02:00,340 [trainer.py] => CNN top1 task curve: [1.0, 0.9238026124818578, 0.8935631018753167, 0.8686908517350158, 0.8392220421393841, 0.8169725990955041, 0.8108869075551385, 0.8010904684975767]
2025-03-13 12:02:00,954 [trainer.py] => All params: 111348451
2025-03-13 12:02:00,955 [trainer.py] => Trainable params: 199700
2025-03-13 12:02:00,955 [inflora.py] => Learning on 160-180
2025-03-13 12:15:57,914 [inflora.py] => Task 8, Epoch 50/50 => Loss 0.190, Train_accy 94.70
2025-03-13 12:16:23,803 [trainer.py] => Time:862.8469245433807
2025-03-13 12:16:41,467 [trainer.py] => Time:17.65996265411377
2025-03-13 12:16:41,467 [inflora.py] => Exemplar size: 0
2025-03-13 12:16:41,467 [trainer.py] => CNN: {'total': 77.36, '00-19': 82.56, '20-39': 78.78, '40-59': 77.31, '60-79': 74.25, '80-99': 73.95, '100-119': 75.96, '120-139': 77.53, '140-159': 78.26, '160-179': 76.03, 'old': 77.48, 'new': 76.03}
2025-03-13 12:16:41,467 [trainer.py] => CNN top1 curve: [93.59, 88.53, 86.01, 83.91, 81.23, 79.49, 79.07, 78.33, 77.36]
2025-03-13 12:16:41,467 [trainer.py] => CNN top1 with task curve: [93.59, 92.53, 92.35, 91.64, 91.6, 91.99, 91.93, 92.39, 92.34]
2025-03-13 12:16:41,467 [trainer.py] => CNN top1 task curve: [1.0, 0.9238026124818578, 0.8935631018753167, 0.8686908517350158, 0.8392220421393841, 0.8169725990955041, 0.8108869075551385, 0.8010904684975767, 0.7903970452446907]
2025-03-13 12:16:42,028 [trainer.py] => All params: 111348451
2025-03-13 12:16:42,030 [trainer.py] => Trainable params: 199700
2025-03-13 12:16:42,030 [inflora.py] => Learning on 180-200
2025-03-13 12:33:02,278 [inflora.py] => Task 9, Epoch 50/50 => Loss 0.155, Train_accy 95.94
2025-03-13 12:33:42,436 [trainer.py] => Time:1020.4057085514069
2025-03-13 12:34:05,867 [trainer.py] => Time:23.430744409561157
2025-03-13 12:34:05,868 [inflora.py] => Exemplar size: 0
2025-03-13 12:34:05,868 [trainer.py] => CNN: {'total': 75.97, '00-19': 82.86, '20-39': 77.79, '40-59': 77.48, '60-79': 73.18, '80-99': 72.68, '100-119': 75.07, '120-139': 75.55, '140-159': 75.94, '160-179': 75.81, '180-199': 71.62, 'old': 76.44, 'new': 71.62}
2025-03-13 12:34:05,868 [trainer.py] => CNN top1 curve: [93.59, 88.53, 86.01, 83.91, 81.23, 79.49, 79.07, 78.33, 77.36, 75.97]
2025-03-13 12:34:05,868 [trainer.py] => CNN top1 with task curve: [93.59, 92.53, 92.35, 91.64, 91.6, 91.99, 91.93, 92.39, 92.34, 92.15]
2025-03-13 12:34:05,868 [trainer.py] => CNN top1 task curve: [1.0, 0.9238026124818578, 0.8935631018753167, 0.8686908517350158, 0.8392220421393841, 0.8169725990955041, 0.8108869075551385, 0.8010904684975767, 0.7903970452446907, 0.7735]
