2024-03-30 12:11:52,122 [trainer.py] => config: configs/mimg10_inflorab5.json
2024-03-30 12:11:52,122 [trainer.py] => device: [device(type='cuda', index=0)]
2024-03-30 12:11:52,122 [trainer.py] => lamb: 0.5
2024-03-30 12:11:52,122 [trainer.py] => lame: 0.5
2024-03-30 12:11:52,122 [trainer.py] => prefix: reproduce
2024-03-30 12:11:52,122 [trainer.py] => dataset: ImageNet_R
2024-03-30 12:11:52,122 [trainer.py] => data_path: data/imagenet-r
2024-03-30 12:11:52,122 [trainer.py] => memory_size: 0
2024-03-30 12:11:52,122 [trainer.py] => memory_per_class: 0
2024-03-30 12:11:52,122 [trainer.py] => fixed_memory: True
2024-03-30 12:11:52,122 [trainer.py] => shuffle: False
2024-03-30 12:11:52,122 [trainer.py] => init_cls: 20
2024-03-30 12:11:52,122 [trainer.py] => increment: 20
2024-03-30 12:11:52,122 [trainer.py] => model_name: InfLoRAb5
2024-03-30 12:11:52,122 [trainer.py] => net_type: sip
2024-03-30 12:11:52,122 [trainer.py] => embd_dim: 768
2024-03-30 12:11:52,123 [trainer.py] => num_heads: 12
2024-03-30 12:11:52,123 [trainer.py] => total_sessions: 10
2024-03-30 12:11:52,123 [trainer.py] => seed: 0
2024-03-30 12:11:52,123 [trainer.py] => EPSILON: 1e-08
2024-03-30 12:11:52,123 [trainer.py] => init_epoch: 50
2024-03-30 12:11:52,123 [trainer.py] => optim: adam
2024-03-30 12:11:52,123 [trainer.py] => init_lr: 0.001
2024-03-30 12:11:52,123 [trainer.py] => init_lr_decay: 0.1
2024-03-30 12:11:52,123 [trainer.py] => init_weight_decay: 0.0
2024-03-30 12:11:52,123 [trainer.py] => epochs: 50
2024-03-30 12:11:52,123 [trainer.py] => lrate: 0.001
2024-03-30 12:11:52,123 [trainer.py] => lrate_decay: 0.1
2024-03-30 12:11:52,123 [trainer.py] => batch_size: 128
2024-03-30 12:11:52,123 [trainer.py] => weight_decay: 0.0
2024-03-30 12:11:52,123 [trainer.py] => rank: 16
2024-03-30 12:11:52,123 [trainer.py] => num_workers: 16
2024-03-30 12:11:52,211 [data_manager.py] => [0, 1, 2, 3, 4, 5, 6, 7, 8, 9, 10, 11, 12, 13, 14, 15, 16, 17, 18, 19, 20, 21, 22, 23, 24, 25, 26, 27, 28, 29, 30, 31, 32, 33, 34, 35, 36, 37, 38, 39, 40, 41, 42, 43, 44, 45, 46, 47, 48, 49, 50, 51, 52, 53, 54, 55, 56, 57, 58, 59, 60, 61, 62, 63, 64, 65, 66, 67, 68, 69, 70, 71, 72, 73, 74, 75, 76, 77, 78, 79, 80, 81, 82, 83, 84, 85, 86, 87, 88, 89, 90, 91, 92, 93, 94, 95, 96, 97, 98, 99, 100, 101, 102, 103, 104, 105, 106, 107, 108, 109, 110, 111, 112, 113, 114, 115, 116, 117, 118, 119, 120, 121, 122, 123, 124, 125, 126, 127, 128, 129, 130, 131, 132, 133, 134, 135, 136, 137, 138, 139, 140, 141, 142, 143, 144, 145, 146, 147, 148, 149, 150, 151, 152, 153, 154, 155, 156, 157, 158, 159, 160, 161, 162, 163, 164, 165, 166, 167, 168, 169, 170, 171, 172, 173, 174, 175, 176, 177, 178, 179, 180, 181, 182, 183, 184, 185, 186, 187, 188, 189, 190, 191, 192, 193, 194, 195, 196, 197, 198, 199]
2024-03-30 12:11:55,370 [trainer.py] => All params: 109965851
2024-03-30 12:11:55,372 [trainer.py] => Trainable params: 109965851
2024-03-30 12:11:55,373 [inflorab5.py] => Learning on 0-20
2024-03-30 12:28:16,722 [inflorab5.py] => Task 0, Epoch 50/50 => Loss 0.134, Train_accy 96.05
2024-03-30 12:28:38,407 [trainer.py] => Time:1003.0347366333008
2024-03-30 12:28:41,863 [trainer.py] => Time:3.455427408218384
2024-03-30 12:28:41,910 [inflorab5.py] => Exemplar size: 0
2024-03-30 12:28:41,910 [trainer.py] => CNN: {'total': 87.54, '00-19': 87.54, 'old': 0, 'new': 87.54}
2024-03-30 12:28:41,910 [trainer.py] => CNN top1 curve: [87.54]
2024-03-30 12:28:41,910 [trainer.py] => CNN top1 with task curve: [87.54]
2024-03-30 12:28:41,910 [trainer.py] => CNN top1 task curve: [1.0]
2024-03-30 12:28:41,911 [trainer.py] => All params: 109965851
2024-03-30 12:28:41,912 [trainer.py] => Trainable params: 138260
2024-03-30 12:28:41,912 [inflorab5.py] => Learning on 20-40
2024-03-30 12:47:41,549 [inflorab5.py] => Task 1, Epoch 50/50 => Loss 0.158, Train_accy 95.24
2024-03-30 12:48:04,959 [trainer.py] => Time:1163.0459489822388
2024-03-30 12:48:14,741 [trainer.py] => Time:9.781209945678711
2024-03-30 12:48:14,805 [inflorab5.py] => Exemplar size: 0
2024-03-30 12:48:14,805 [trainer.py] => CNN: {'total': 82.76, '00-19': 82.81, '20-39': 82.7, 'old': 82.81, 'new': 82.7}
2024-03-30 12:48:14,805 [trainer.py] => CNN top1 curve: [87.54, 82.76]
2024-03-30 12:48:14,805 [trainer.py] => CNN top1 with task curve: [87.54, 87.37]
2024-03-30 12:48:14,805 [trainer.py] => CNN top1 task curve: [1.0, 0.9083694083694084]
2024-03-30 12:48:14,806 [trainer.py] => All params: 109965851
2024-03-30 12:48:14,807 [trainer.py] => Trainable params: 138260
2024-03-30 12:48:14,808 [inflorab5.py] => Learning on 40-60
2024-03-30 12:59:49,535 [inflorab5.py] => Task 2, Epoch 50/50 => Loss 0.164, Train_accy 95.12
2024-03-30 13:00:08,223 [trainer.py] => Time:713.4155979156494
2024-03-30 13:00:14,550 [trainer.py] => Time:6.324322700500488
2024-03-30 13:00:14,585 [inflorab5.py] => Exemplar size: 0
2024-03-30 13:00:14,585 [trainer.py] => CNN: {'total': 76.14, '00-19': 77.79, '20-39': 77.47, '40-59': 71.36, 'old': 77.63, 'new': 71.36}
2024-03-30 13:00:14,585 [trainer.py] => CNN top1 curve: [87.54, 82.76, 76.14]
2024-03-30 13:00:14,585 [trainer.py] => CNN top1 with task curve: [87.54, 87.37, 83.45]
2024-03-30 13:00:14,585 [trainer.py] => CNN top1 task curve: [1.0, 0.9083694083694084, 0.8548653106102254]
2024-03-30 13:00:14,586 [trainer.py] => All params: 109965851
2024-03-30 13:00:14,587 [trainer.py] => Trainable params: 138260
2024-03-30 13:00:14,587 [inflorab5.py] => Learning on 60-80
2024-03-30 13:15:42,205 [inflorab5.py] => Task 3, Epoch 50/50 => Loss 0.146, Train_accy 95.70
2024-03-30 13:16:05,883 [trainer.py] => Time:951.2957389354706
2024-03-30 13:16:16,782 [trainer.py] => Time:10.898832082748413
2024-03-30 13:16:16,839 [inflorab5.py] => Exemplar size: 0
2024-03-30 13:16:16,839 [trainer.py] => CNN: {'total': 75.1, '00-19': 75.93, '20-39': 73.55, '40-59': 72.06, '60-79': 78.33, 'old': 74.11, 'new': 78.33}
2024-03-30 13:16:16,839 [trainer.py] => CNN top1 curve: [87.54, 82.76, 76.14, 75.1]
2024-03-30 13:16:16,839 [trainer.py] => CNN top1 with task curve: [87.54, 87.37, 83.45, 84.09]
2024-03-30 13:16:16,839 [trainer.py] => CNN top1 task curve: [1.0, 0.9083694083694084, 0.8548653106102254, 0.8224181360201511]
2024-03-30 13:16:16,840 [trainer.py] => All params: 109965851
2024-03-30 13:16:16,842 [trainer.py] => Trainable params: 138260
2024-03-30 13:16:16,842 [inflorab5.py] => Learning on 80-100
2024-03-30 13:34:16,354 [inflorab5.py] => Task 4, Epoch 50/50 => Loss 0.147, Train_accy 95.35
2024-03-30 13:34:40,222 [trainer.py] => Time:1103.3797807693481
2024-03-30 13:34:56,337 [trainer.py] => Time:16.114675998687744
2024-03-30 13:34:56,377 [inflorab5.py] => Exemplar size: 0
2024-03-30 13:34:56,377 [trainer.py] => CNN: {'total': 74.69, '00-19': 77.51, '20-39': 75.29, '40-59': 70.67, '60-79': 70.34, '80-99': 77.21, 'old': 73.93, 'new': 77.21}
2024-03-30 13:34:56,377 [trainer.py] => CNN top1 curve: [87.54, 82.76, 76.14, 75.1, 74.69]
2024-03-30 13:34:56,377 [trainer.py] => CNN top1 with task curve: [87.54, 87.37, 83.45, 84.09, 85.38]
2024-03-30 13:34:56,377 [trainer.py] => CNN top1 task curve: [1.0, 0.9083694083694084, 0.8548653106102254, 0.8224181360201511, 0.8061815840309079]
2024-03-30 13:34:56,378 [trainer.py] => All params: 109965851
2024-03-30 13:34:56,379 [trainer.py] => Trainable params: 138260
2024-03-30 13:34:56,379 [inflorab5.py] => Learning on 100-120
2024-03-30 13:49:22,375 [inflorab5.py] => Task 5, Epoch 50/50 => Loss 0.191, Train_accy 94.57
2024-03-30 13:49:42,922 [trainer.py] => Time:886.5434832572937
2024-03-30 13:50:00,999 [trainer.py] => Time:18.075455904006958
2024-03-30 13:50:01,067 [inflorab5.py] => Exemplar size: 0
2024-03-30 13:50:01,067 [trainer.py] => CNN: {'total': 72.01, '00-19': 74.93, '20-39': 71.51, '40-59': 67.67, '60-79': 67.5, '80-99': 73.2, '100-119': 75.36, 'old': 71.41, 'new': 75.36}
2024-03-30 13:50:01,067 [trainer.py] => CNN top1 curve: [87.54, 82.76, 76.14, 75.1, 74.69, 72.01]
2024-03-30 13:50:01,068 [trainer.py] => CNN top1 with task curve: [87.54, 87.37, 83.45, 84.09, 85.38, 84.7]
2024-03-30 13:50:01,068 [trainer.py] => CNN top1 task curve: [1.0, 0.9083694083694084, 0.8548653106102254, 0.8224181360201511, 0.8061815840309079, 0.7782324058919804]
2024-03-30 13:50:01,069 [trainer.py] => All params: 109965851
2024-03-30 13:50:01,070 [trainer.py] => Trainable params: 138260
2024-03-30 13:50:01,070 [inflorab5.py] => Learning on 120-140
2024-03-30 14:04:49,958 [inflorab5.py] => Task 6, Epoch 50/50 => Loss 0.185, Train_accy 94.36
2024-03-30 14:05:16,398 [trainer.py] => Time:915.3284537792206
2024-03-30 14:05:38,224 [trainer.py] => Time:21.825425148010254
2024-03-30 14:05:38,282 [inflorab5.py] => Exemplar size: 0
2024-03-30 14:05:38,282 [trainer.py] => CNN: {'total': 69.16, '00-19': 73.5, '20-39': 71.22, '40-59': 66.28, '60-79': 62.7, '80-99': 70.03, '100-119': 69.64, '120-139': 68.36, 'old': 69.29, 'new': 68.36}
2024-03-30 14:05:38,282 [trainer.py] => CNN top1 curve: [87.54, 82.76, 76.14, 75.1, 74.69, 72.01, 69.16]
2024-03-30 14:05:38,282 [trainer.py] => CNN top1 with task curve: [87.54, 87.37, 83.45, 84.09, 85.38, 84.7, 82.52]
2024-03-30 14:05:38,282 [trainer.py] => CNN top1 task curve: [1.0, 0.9083694083694084, 0.8548653106102254, 0.8224181360201511, 0.8061815840309079, 0.7782324058919804, 0.7458303969931876]
2024-03-30 14:05:38,284 [trainer.py] => All params: 109965851
2024-03-30 14:05:38,285 [trainer.py] => Trainable params: 138260
2024-03-30 14:05:38,285 [inflorab5.py] => Learning on 140-160
2024-03-30 14:17:58,024 [inflorab5.py] => Task 7, Epoch 50/50 => Loss 0.166, Train_accy 94.82
2024-03-30 14:18:18,347 [trainer.py] => Time:760.0618023872375
2024-03-30 14:18:38,451 [trainer.py] => Time:20.103259086608887
2024-03-30 14:18:38,495 [inflorab5.py] => Exemplar size: 0
2024-03-30 14:18:38,495 [trainer.py] => CNN: {'total': 67.09, '00-19': 70.63, '20-39': 71.22, '40-59': 61.43, '60-79': 60.21, '80-99': 68.23, '100-119': 66.96, '120-139': 65.31, '140-159': 70.21, 'old': 66.78, 'new': 70.21}
2024-03-30 14:18:38,495 [trainer.py] => CNN top1 curve: [87.54, 82.76, 76.14, 75.1, 74.69, 72.01, 69.16, 67.09]
2024-03-30 14:18:38,496 [trainer.py] => CNN top1 with task curve: [87.54, 87.37, 83.45, 84.09, 85.38, 84.7, 82.52, 81.28]
2024-03-30 14:18:38,496 [trainer.py] => CNN top1 task curve: [1.0, 0.9083694083694084, 0.8548653106102254, 0.8224181360201511, 0.8061815840309079, 0.7782324058919804, 0.7458303969931876, 0.7217948717948718]
2024-03-30 14:18:38,497 [trainer.py] => All params: 109965851
2024-03-30 14:18:38,497 [trainer.py] => Trainable params: 138260
2024-03-30 14:18:38,498 [inflorab5.py] => Learning on 160-180
2024-03-30 14:34:50,352 [inflorab5.py] => Task 8, Epoch 50/50 => Loss 0.103, Train_accy 96.83
2024-03-30 14:35:14,156 [trainer.py] => Time:995.6579282283783
2024-03-30 14:35:40,428 [trainer.py] => Time:26.272292852401733
2024-03-30 14:35:40,477 [inflorab5.py] => Exemplar size: 0
2024-03-30 14:35:40,477 [trainer.py] => CNN: {'total': 68.38, '00-19': 70.77, '20-39': 72.24, '40-59': 61.43, '60-79': 58.61, '80-99': 67.4, '100-119': 66.96, '120-139': 64.3, '140-159': 67.61, '160-179': 81.96, 'old': 66.58, 'new': 81.96}
2024-03-30 14:35:40,477 [trainer.py] => CNN top1 curve: [87.54, 82.76, 76.14, 75.1, 74.69, 72.01, 69.16, 67.09, 68.38]
2024-03-30 14:35:40,477 [trainer.py] => CNN top1 with task curve: [87.54, 87.37, 83.45, 84.09, 85.38, 84.7, 82.52, 81.28, 82.95]
2024-03-30 14:35:40,477 [trainer.py] => CNN top1 task curve: [1.0, 0.9083694083694084, 0.8548653106102254, 0.8224181360201511, 0.8061815840309079, 0.7782324058919804, 0.7458303969931876, 0.7217948717948718, 0.7319373703074892]
2024-03-30 14:35:40,479 [trainer.py] => All params: 109965851
2024-03-30 14:35:40,480 [trainer.py] => Trainable params: 138260
2024-03-30 14:35:40,481 [inflorab5.py] => Learning on 180-200
2024-03-30 14:54:03,437 [inflorab5.py] => Task 9, Epoch 50/50 => Loss 0.159, Train_accy 95.28
2024-03-30 14:54:28,179 [trainer.py] => Time:1127.6980633735657
2024-03-30 14:54:59,701 [trainer.py] => Time:31.52166199684143
2024-03-30 14:54:59,773 [inflorab5.py] => Exemplar size: 0
2024-03-30 14:54:59,773 [trainer.py] => CNN: {'total': 67.2, '00-19': 69.77, '20-39': 68.17, '40-59': 60.28, '60-79': 61.1, '80-99': 66.02, '100-119': 66.07, '120-139': 59.73, '140-159': 63.83, '160-179': 77.13, '180-199': 74.54, 'old': 66.23, 'new': 74.54}
2024-03-30 14:54:59,773 [trainer.py] => CNN top1 curve: [87.54, 82.76, 76.14, 75.1, 74.69, 72.01, 69.16, 67.09, 68.38, 67.2]
2024-03-30 14:54:59,773 [trainer.py] => CNN top1 with task curve: [87.54, 87.37, 83.45, 84.09, 85.38, 84.7, 82.52, 81.28, 82.95, 82.52]
2024-03-30 14:54:59,773 [trainer.py] => CNN top1 task curve: [1.0, 0.9083694083694084, 0.8548653106102254, 0.8224181360201511, 0.8061815840309079, 0.7782324058919804, 0.7458303969931876, 0.7217948717948718, 0.7319373703074892, 0.718]
