2024-03-31 08:16:38,376 [trainer.py] => config: configs/cifar100_inflorab5.json
2024-03-31 08:16:38,376 [trainer.py] => device: [device(type='cuda', index=2)]
2024-03-31 08:16:38,376 [trainer.py] => prefix: reproduce
2024-03-31 08:16:38,377 [trainer.py] => dataset: cifar100
2024-03-31 08:16:38,377 [trainer.py] => data_path: /home/liangys/data/cifar100
2024-03-31 08:16:38,377 [trainer.py] => memory_size: 0
2024-03-31 08:16:38,377 [trainer.py] => memory_per_class: 0
2024-03-31 08:16:38,377 [trainer.py] => fixed_memory: True
2024-03-31 08:16:38,377 [trainer.py] => shuffle: False
2024-03-31 08:16:38,377 [trainer.py] => init_cls: 10
2024-03-31 08:16:38,377 [trainer.py] => increment: 10
2024-03-31 08:16:38,377 [trainer.py] => model_name: InfLoRAb5
2024-03-31 08:16:38,377 [trainer.py] => net_type: sip
2024-03-31 08:16:38,377 [trainer.py] => embd_dim: 768
2024-03-31 08:16:38,377 [trainer.py] => num_heads: 12
2024-03-31 08:16:38,377 [trainer.py] => total_sessions: 10
2024-03-31 08:16:38,377 [trainer.py] => seed: 0
2024-03-31 08:16:38,377 [trainer.py] => EPSILON: 1e-08
2024-03-31 08:16:38,377 [trainer.py] => init_epoch: 20
2024-03-31 08:16:38,377 [trainer.py] => optim: adam
2024-03-31 08:16:38,377 [trainer.py] => init_lr: 0.001
2024-03-31 08:16:38,377 [trainer.py] => init_lr_decay: 0.1
2024-03-31 08:16:38,377 [trainer.py] => init_weight_decay: 0.0
2024-03-31 08:16:38,377 [trainer.py] => epochs: 20
2024-03-31 08:16:38,377 [trainer.py] => lrate: 0.001
2024-03-31 08:16:38,377 [trainer.py] => lrate_decay: 0.1
2024-03-31 08:16:38,379 [trainer.py] => batch_size: 128
2024-03-31 08:16:38,379 [trainer.py] => weight_decay: 0.0
2024-03-31 08:16:38,379 [trainer.py] => rank: 10
2024-03-31 08:16:38,379 [trainer.py] => lamb: 0.95
2024-03-31 08:16:38,379 [trainer.py] => lame: 1.0
2024-03-31 08:16:38,379 [trainer.py] => num_workers: 16
2024-03-31 08:16:40,161 [data_manager.py] => [0, 1, 2, 3, 4, 5, 6, 7, 8, 9, 10, 11, 12, 13, 14, 15, 16, 17, 18, 19, 20, 21, 22, 23, 24, 25, 26, 27, 28, 29, 30, 31, 32, 33, 34, 35, 36, 37, 38, 39, 40, 41, 42, 43, 44, 45, 46, 47, 48, 49, 50, 51, 52, 53, 54, 55, 56, 57, 58, 59, 60, 61, 62, 63, 64, 65, 66, 67, 68, 69, 70, 71, 72, 73, 74, 75, 76, 77, 78, 79, 80, 81, 82, 83, 84, 85, 86, 87, 88, 89, 90, 91, 92, 93, 94, 95, 96, 97, 98, 99]
2024-03-31 08:16:43,359 [trainer.py] => All params: 108967351
2024-03-31 08:16:43,361 [trainer.py] => Trainable params: 108967351
2024-03-31 08:16:43,362 [inflorab5.py] => Learning on 0-10
2024-03-31 08:29:40,633 [inflorab5.py] => Task 0, Epoch 20/20 => Loss 0.126, Train_accy 96.12
2024-03-31 08:30:25,914 [trainer.py] => Time:822.5519425868988
2024-03-31 08:30:30,111 [trainer.py] => Time:4.196805477142334
2024-03-31 08:30:30,300 [inflorab5.py] => Exemplar size: 0
2024-03-31 08:30:30,300 [trainer.py] => CNN: {'total': 99.4, '00-09': 99.4, 'old': 0, 'new': 99.4}
2024-03-31 08:30:30,300 [trainer.py] => CNN top1 curve: [99.4]
2024-03-31 08:30:30,300 [trainer.py] => CNN top1 with task curve: [99.4]
2024-03-31 08:30:30,300 [trainer.py] => CNN top1 task curve: [1.0]
2024-03-31 08:30:30,302 [trainer.py] => All params: 108967351
2024-03-31 08:30:30,303 [trainer.py] => Trainable params: 84490
2024-03-31 08:30:30,303 [inflorab5.py] => Learning on 10-20
2024-03-31 08:43:32,683 [inflorab5.py] => Task 1, Epoch 20/20 => Loss 0.149, Train_accy 95.14
2024-03-31 08:44:19,736 [trainer.py] => Time:829.4330041408539
2024-03-31 08:44:33,593 [trainer.py] => Time:13.857205152511597
2024-03-31 08:44:33,654 [inflorab5.py] => Exemplar size: 0
2024-03-31 08:44:33,654 [trainer.py] => CNN: {'total': 96.7, '00-09': 98.1, '10-19': 95.3, 'old': 98.1, 'new': 95.3}
2024-03-31 08:44:33,654 [trainer.py] => CNN top1 curve: [99.4, 96.7]
2024-03-31 08:44:33,654 [trainer.py] => CNN top1 with task curve: [99.4, 98.95]
2024-03-31 08:44:33,654 [trainer.py] => CNN top1 task curve: [1.0, 0.9755]
2024-03-31 08:44:33,656 [trainer.py] => All params: 108967351
2024-03-31 08:44:33,657 [trainer.py] => Trainable params: 84490
2024-03-31 08:44:33,657 [inflorab5.py] => Learning on 20-30
2024-03-31 08:57:19,671 [inflorab5.py] => Task 2, Epoch 20/20 => Loss 0.135, Train_accy 95.52
2024-03-31 08:58:00,580 [trainer.py] => Time:806.9225001335144
2024-03-31 08:58:15,650 [trainer.py] => Time:15.070384740829468
2024-03-31 08:58:15,735 [inflorab5.py] => Exemplar size: 0
2024-03-31 08:58:15,735 [trainer.py] => CNN: {'total': 95.0, '00-09': 98.2, '10-19': 92.5, '20-29': 94.3, 'old': 95.35, 'new': 94.3}
2024-03-31 08:58:15,735 [trainer.py] => CNN top1 curve: [99.4, 96.7, 95.0]
2024-03-31 08:58:15,735 [trainer.py] => CNN top1 with task curve: [99.4, 98.95, 98.8]
2024-03-31 08:58:15,736 [trainer.py] => CNN top1 task curve: [1.0, 0.9755, 0.9576666666666667]
2024-03-31 08:58:15,737 [trainer.py] => All params: 108967351
2024-03-31 08:58:15,738 [trainer.py] => Trainable params: 84490
2024-03-31 08:58:15,738 [inflorab5.py] => Learning on 30-40
2024-03-31 09:11:00,499 [inflorab5.py] => Task 3, Epoch 20/20 => Loss 0.151, Train_accy 95.52
2024-03-31 09:11:43,046 [trainer.py] => Time:807.3080656528473
2024-03-31 09:12:07,131 [trainer.py] => Time:24.084479093551636
2024-03-31 09:12:07,192 [inflorab5.py] => Exemplar size: 0
2024-03-31 09:12:07,192 [trainer.py] => CNN: {'total': 92.65, '00-09': 97.2, '10-19': 88.0, '20-29': 93.8, '30-39': 91.6, 'old': 93.0, 'new': 91.6}
2024-03-31 09:12:07,192 [trainer.py] => CNN top1 curve: [99.4, 96.7, 95.0, 92.65]
2024-03-31 09:12:07,193 [trainer.py] => CNN top1 with task curve: [99.4, 98.95, 98.8, 98.7]
2024-03-31 09:12:07,193 [trainer.py] => CNN top1 task curve: [1.0, 0.9755, 0.9576666666666667, 0.93175]
2024-03-31 09:12:07,194 [trainer.py] => All params: 108967351
2024-03-31 09:12:07,195 [trainer.py] => Trainable params: 84490
2024-03-31 09:12:07,195 [inflorab5.py] => Learning on 40-50
2024-03-31 09:24:44,476 [inflorab5.py] => Task 4, Epoch 20/20 => Loss 0.126, Train_accy 95.92
2024-03-31 09:25:28,519 [trainer.py] => Time:801.3234553337097
2024-03-31 09:25:58,392 [trainer.py] => Time:29.87261652946472
2024-03-31 09:25:58,443 [inflorab5.py] => Exemplar size: 0
2024-03-31 09:25:58,443 [trainer.py] => CNN: {'total': 91.9, '00-09': 96.7, '10-19': 87.1, '20-29': 91.7, '30-39': 90.8, '40-49': 93.2, 'old': 91.58, 'new': 93.2}
2024-03-31 09:25:58,443 [trainer.py] => CNN top1 curve: [99.4, 96.7, 95.0, 92.65, 91.9]
2024-03-31 09:25:58,443 [trainer.py] => CNN top1 with task curve: [99.4, 98.95, 98.8, 98.7, 98.68]
2024-03-31 09:25:58,443 [trainer.py] => CNN top1 task curve: [1.0, 0.9755, 0.9576666666666667, 0.93175, 0.9244]
2024-03-31 09:25:58,444 [trainer.py] => All params: 108967351
2024-03-31 09:25:58,446 [trainer.py] => Trainable params: 84490
2024-03-31 09:25:58,446 [inflorab5.py] => Learning on 50-60
2024-03-31 09:38:36,316 [inflorab5.py] => Task 5, Epoch 20/20 => Loss 0.129, Train_accy 95.18
2024-03-31 09:39:23,429 [trainer.py] => Time:804.9831824302673
2024-03-31 09:39:55,509 [trainer.py] => Time:32.07932782173157
2024-03-31 09:39:55,551 [inflorab5.py] => Exemplar size: 0
2024-03-31 09:39:55,551 [trainer.py] => CNN: {'total': 88.82, '00-09': 96.2, '10-19': 84.3, '20-29': 91.3, '30-39': 88.8, '40-49': 92.1, '50-59': 80.2, 'old': 90.54, 'new': 80.2}
2024-03-31 09:39:55,551 [trainer.py] => CNN top1 curve: [99.4, 96.7, 95.0, 92.65, 91.9, 88.82]
2024-03-31 09:39:55,551 [trainer.py] => CNN top1 with task curve: [99.4, 98.95, 98.8, 98.7, 98.68, 98.55]
2024-03-31 09:39:55,551 [trainer.py] => CNN top1 task curve: [1.0, 0.9755, 0.9576666666666667, 0.93175, 0.9244, 0.8931666666666667]
2024-03-31 09:39:55,552 [trainer.py] => All params: 108967351
2024-03-31 09:39:55,553 [trainer.py] => Trainable params: 84490
2024-03-31 09:39:55,553 [inflorab5.py] => Learning on 60-70
2024-03-31 09:52:37,229 [inflorab5.py] => Task 6, Epoch 20/20 => Loss 0.132, Train_accy 95.48
2024-03-31 09:53:18,371 [trainer.py] => Time:802.8174593448639
2024-03-31 09:53:55,702 [trainer.py] => Time:37.33112287521362
2024-03-31 09:53:55,753 [inflorab5.py] => Exemplar size: 0
2024-03-31 09:53:55,753 [trainer.py] => CNN: {'total': 88.11, '00-09': 95.6, '10-19': 86.6, '20-29': 90.5, '30-39': 87.5, '40-49': 90.9, '50-59': 81.1, '60-69': 84.6, 'old': 88.7, 'new': 84.6}
2024-03-31 09:53:55,753 [trainer.py] => CNN top1 curve: [99.4, 96.7, 95.0, 92.65, 91.9, 88.82, 88.11]
2024-03-31 09:53:55,753 [trainer.py] => CNN top1 with task curve: [99.4, 98.95, 98.8, 98.7, 98.68, 98.55, 98.41]
2024-03-31 09:53:55,753 [trainer.py] => CNN top1 task curve: [1.0, 0.9755, 0.9576666666666667, 0.93175, 0.9244, 0.8931666666666667, 0.885]
2024-03-31 09:53:55,755 [trainer.py] => All params: 108967351
2024-03-31 09:53:55,755 [trainer.py] => Trainable params: 84490
2024-03-31 09:53:55,756 [inflorab5.py] => Learning on 70-80
2024-03-31 10:06:35,773 [inflorab5.py] => Task 7, Epoch 20/20 => Loss 0.122, Train_accy 95.68
2024-03-31 10:07:15,304 [trainer.py] => Time:799.5485439300537
2024-03-31 10:07:56,428 [trainer.py] => Time:41.12282133102417
2024-03-31 10:07:56,471 [inflorab5.py] => Exemplar size: 0
2024-03-31 10:07:56,471 [trainer.py] => CNN: {'total': 87.59, '00-09': 95.3, '10-19': 85.4, '20-29': 90.1, '30-39': 87.2, '40-49': 91.2, '50-59': 79.6, '60-69': 84.3, '70-79': 87.6, 'old': 87.59, 'new': 87.6}
2024-03-31 10:07:56,471 [trainer.py] => CNN top1 curve: [99.4, 96.7, 95.0, 92.65, 91.9, 88.82, 88.11, 87.59]
2024-03-31 10:07:56,471 [trainer.py] => CNN top1 with task curve: [99.4, 98.95, 98.8, 98.7, 98.68, 98.55, 98.41, 98.48]
2024-03-31 10:07:56,471 [trainer.py] => CNN top1 task curve: [1.0, 0.9755, 0.9576666666666667, 0.93175, 0.9244, 0.8931666666666667, 0.885, 0.87975]
2024-03-31 10:07:56,472 [trainer.py] => All params: 108967351
2024-03-31 10:07:56,473 [trainer.py] => Trainable params: 84490
2024-03-31 10:07:56,473 [inflorab5.py] => Learning on 80-90
2024-03-31 10:20:41,664 [inflorab5.py] => Task 8, Epoch 20/20 => Loss 0.123, Train_accy 95.84
2024-03-31 10:21:29,227 [trainer.py] => Time:812.7540955543518
2024-03-31 10:22:15,368 [trainer.py] => Time:46.140981912612915
2024-03-31 10:22:15,447 [inflorab5.py] => Exemplar size: 0
2024-03-31 10:22:15,447 [trainer.py] => CNN: {'total': 87.7, '00-09': 93.8, '10-19': 84.9, '20-29': 89.4, '30-39': 87.6, '40-49': 91.8, '50-59': 79.7, '60-69': 82.9, '70-79': 86.1, '80-89': 93.1, 'old': 87.02, 'new': 93.1}
2024-03-31 10:22:15,447 [trainer.py] => CNN top1 curve: [99.4, 96.7, 95.0, 92.65, 91.9, 88.82, 88.11, 87.59, 87.7]
2024-03-31 10:22:15,447 [trainer.py] => CNN top1 with task curve: [99.4, 98.95, 98.8, 98.7, 98.68, 98.55, 98.41, 98.48, 98.4]
2024-03-31 10:22:15,447 [trainer.py] => CNN top1 task curve: [1.0, 0.9755, 0.9576666666666667, 0.93175, 0.9244, 0.8931666666666667, 0.885, 0.87975, 0.8807777777777778]
2024-03-31 10:22:15,449 [trainer.py] => All params: 108967351
2024-03-31 10:22:15,451 [trainer.py] => Trainable params: 84490
2024-03-31 10:22:15,451 [inflorab5.py] => Learning on 90-100
2024-03-31 10:34:54,893 [inflorab5.py] => Task 9, Epoch 20/20 => Loss 0.092, Train_accy 97.30
2024-03-31 10:35:35,738 [trainer.py] => Time:800.2867171764374
2024-03-31 10:36:29,842 [trainer.py] => Time:54.10395836830139
2024-03-31 10:36:29,900 [inflorab5.py] => Exemplar size: 0
2024-03-31 10:36:29,901 [trainer.py] => CNN: {'total': 86.34, '00-09': 94.5, '10-19': 83.5, '20-29': 88.5, '30-39': 85.4, '40-49': 86.7, '50-59': 77.6, '60-69': 81.1, '70-79': 85.6, '80-89': 91.1, '90-99': 89.4, 'old': 86.0, 'new': 89.4}
2024-03-31 10:36:29,901 [trainer.py] => CNN top1 curve: [99.4, 96.7, 95.0, 92.65, 91.9, 88.82, 88.11, 87.59, 87.7, 86.34]
2024-03-31 10:36:29,901 [trainer.py] => CNN top1 with task curve: [99.4, 98.95, 98.8, 98.7, 98.68, 98.55, 98.41, 98.48, 98.4, 98.45]
2024-03-31 10:36:29,901 [trainer.py] => CNN top1 task curve: [1.0, 0.9755, 0.9576666666666667, 0.93175, 0.9244, 0.8931666666666667, 0.885, 0.87975, 0.8807777777777778, 0.8664]
