2025-03-13 10:22:39,917 [trainer.py] => config: configs/cifar100_inflora.json
2025-03-13 10:22:39,917 [trainer.py] => device: [device(type='cuda', index=4)]
2025-03-13 10:22:39,918 [trainer.py] => prefix: reproduce
2025-03-13 10:22:39,918 [trainer.py] => dataset: cifar100
2025-03-13 10:22:39,918 [trainer.py] => data_path: data/
2025-03-13 10:22:39,918 [trainer.py] => memory_size: 0
2025-03-13 10:22:39,918 [trainer.py] => memory_per_class: 0
2025-03-13 10:22:39,918 [trainer.py] => fixed_memory: True
2025-03-13 10:22:39,918 [trainer.py] => shuffle: True
2025-03-13 10:22:39,918 [trainer.py] => init_cls: 10
2025-03-13 10:22:39,918 [trainer.py] => increment: 10
2025-03-13 10:22:39,918 [trainer.py] => model_name: InfLoRA
2025-03-13 10:22:39,918 [trainer.py] => net_type: sip
2025-03-13 10:22:39,918 [trainer.py] => embd_dim: 768
2025-03-13 10:22:39,918 [trainer.py] => num_heads: 12
2025-03-13 10:22:39,918 [trainer.py] => total_sessions: 10
2025-03-13 10:22:39,918 [trainer.py] => seed: 1993
2025-03-13 10:22:39,918 [trainer.py] => EPSILON: 1e-08
2025-03-13 10:22:39,918 [trainer.py] => init_epoch: 20
2025-03-13 10:22:39,918 [trainer.py] => optim: adam
2025-03-13 10:22:39,918 [trainer.py] => init_lr: 0.0005
2025-03-13 10:22:39,918 [trainer.py] => init_lr_decay: 0.1
2025-03-13 10:22:39,918 [trainer.py] => init_weight_decay: 0.0
2025-03-13 10:22:39,918 [trainer.py] => epochs: 20
2025-03-13 10:22:39,918 [trainer.py] => lrate: 0.0005
2025-03-13 10:22:39,918 [trainer.py] => lrate_decay: 0.1
2025-03-13 10:22:39,918 [trainer.py] => batch_size: 128
2025-03-13 10:22:39,918 [trainer.py] => weight_decay: 0.0
2025-03-13 10:22:39,918 [trainer.py] => rank: 10
2025-03-13 10:22:39,918 [trainer.py] => lamb: 0.95
2025-03-13 10:22:39,918 [trainer.py] => lame: 1.0
2025-03-13 10:22:39,918 [trainer.py] => num_workers: 16
2025-03-13 10:23:02,583 [data_manager.py] => [68, 56, 78, 8, 23, 84, 90, 65, 74, 76, 40, 89, 3, 92, 55, 9, 26, 80, 43, 38, 58, 70, 77, 1, 85, 19, 17, 50, 28, 53, 13, 81, 45, 82, 6, 59, 83, 16, 15, 44, 91, 41, 72, 60, 79, 52, 20, 10, 31, 54, 37, 95, 14, 71, 96, 98, 97, 2, 64, 66, 42, 22, 35, 86, 24, 34, 87, 21, 99, 0, 88, 27, 18, 94, 11, 12, 47, 25, 30, 46, 62, 69, 36, 61, 7, 63, 75, 5, 32, 4, 51, 48, 73, 93, 39, 67, 29, 49, 57, 33]
2025-03-13 10:23:05,915 [trainer.py] => All params: 111194651
2025-03-13 10:23:05,918 [trainer.py] => Trainable params: 111194651
2025-03-13 10:23:05,918 [inflora.py] => Learning on 0-10
2025-03-13 10:30:37,634 [inflora.py] => Task 0, Epoch 20/20 => Loss 0.117, Train_accy 96.40
2025-03-13 10:31:05,122 [trainer.py] => Time:479.2039587497711
2025-03-13 10:31:08,929 [trainer.py] => Time:3.8057820796966553
2025-03-13 10:31:08,929 [inflora.py] => Exemplar size: 0
2025-03-13 10:31:08,929 [trainer.py] => CNN: {'total': 98.9, '00-09': 98.9, 'old': 0, 'new': 98.9}
2025-03-13 10:31:08,929 [trainer.py] => CNN top1 curve: [98.9]
2025-03-13 10:31:08,929 [trainer.py] => CNN top1 with task curve: [98.9]
2025-03-13 10:31:08,929 [trainer.py] => CNN top1 task curve: [1.0]
2025-03-13 10:31:09,475 [trainer.py] => All params: 111194651
2025-03-13 10:31:09,476 [trainer.py] => Trainable params: 192010
2025-03-13 10:31:09,477 [inflora.py] => Learning on 10-20
2025-03-13 10:38:39,395 [inflora.py] => Task 1, Epoch 20/20 => Loss 0.158, Train_accy 94.60
2025-03-13 10:39:11,397 [trainer.py] => Time:481.9203636646271
2025-03-13 10:39:17,144 [trainer.py] => Time:5.746204137802124
2025-03-13 10:39:17,144 [inflora.py] => Exemplar size: 0
2025-03-13 10:39:17,144 [trainer.py] => CNN: {'total': 97.2, '00-09': 97.8, '10-19': 96.6, 'old': 97.8, 'new': 96.6}
2025-03-13 10:39:17,144 [trainer.py] => CNN top1 curve: [98.9, 97.2]
2025-03-13 10:39:17,144 [trainer.py] => CNN top1 with task curve: [98.9, 98.65]
2025-03-13 10:39:17,144 [trainer.py] => CNN top1 task curve: [1.0, 0.9795]
2025-03-13 10:39:17,686 [trainer.py] => All params: 111194651
2025-03-13 10:39:17,687 [trainer.py] => Trainable params: 192010
2025-03-13 10:39:17,687 [inflora.py] => Learning on 20-30
2025-03-13 10:46:48,626 [inflora.py] => Task 2, Epoch 20/20 => Loss 0.090, Train_accy 97.26
2025-03-13 10:47:18,918 [trainer.py] => Time:481.2309567928314
2025-03-13 10:47:26,922 [trainer.py] => Time:8.003629446029663
2025-03-13 10:47:26,923 [inflora.py] => Exemplar size: 0
2025-03-13 10:47:26,923 [trainer.py] => CNN: {'total': 95.8, '00-09': 96.6, '10-19': 95.3, '20-29': 95.5, 'old': 95.95, 'new': 95.5}
2025-03-13 10:47:26,923 [trainer.py] => CNN top1 curve: [98.9, 97.2, 95.8]
2025-03-13 10:47:26,923 [trainer.py] => CNN top1 with task curve: [98.9, 98.65, 98.87]
2025-03-13 10:47:26,923 [trainer.py] => CNN top1 task curve: [1.0, 0.9795, 0.9633333333333334]
2025-03-13 10:47:27,483 [trainer.py] => All params: 111194651
2025-03-13 10:47:27,485 [trainer.py] => Trainable params: 192010
2025-03-13 10:47:27,485 [inflora.py] => Learning on 30-40
2025-03-13 10:54:58,941 [inflora.py] => Task 3, Epoch 20/20 => Loss 0.120, Train_accy 95.72
2025-03-13 10:55:31,275 [trainer.py] => Time:483.78980565071106
2025-03-13 10:55:40,822 [trainer.py] => Time:9.54361343383789
2025-03-13 10:55:40,822 [inflora.py] => Exemplar size: 0
2025-03-13 10:55:40,822 [trainer.py] => CNN: {'total': 93.15, '00-09': 95.4, '10-19': 94.2, '20-29': 94.6, '30-39': 88.4, 'old': 94.73, 'new': 88.4}
2025-03-13 10:55:40,822 [trainer.py] => CNN top1 curve: [98.9, 97.2, 95.8, 93.15]
2025-03-13 10:55:40,822 [trainer.py] => CNN top1 with task curve: [98.9, 98.65, 98.87, 98.58]
2025-03-13 10:55:40,822 [trainer.py] => CNN top1 task curve: [1.0, 0.9795, 0.9633333333333334, 0.93775]
2025-03-13 10:55:41,478 [trainer.py] => All params: 111194651
2025-03-13 10:55:41,480 [trainer.py] => Trainable params: 192010
2025-03-13 10:55:41,480 [inflora.py] => Learning on 40-50
2025-03-13 11:03:14,330 [inflora.py] => Task 4, Epoch 20/20 => Loss 0.111, Train_accy 96.46
2025-03-13 11:03:49,090 [trainer.py] => Time:487.60941672325134
2025-03-13 11:04:01,271 [trainer.py] => Time:12.180614948272705
2025-03-13 11:04:01,271 [inflora.py] => Exemplar size: 0
2025-03-13 11:04:01,271 [trainer.py] => CNN: {'total': 90.92, '00-09': 93.6, '10-19': 89.4, '20-29': 93.7, '30-39': 84.9, '40-49': 93.0, 'old': 90.4, 'new': 93.0}
2025-03-13 11:04:01,271 [trainer.py] => CNN top1 curve: [98.9, 97.2, 95.8, 93.15, 90.92]
2025-03-13 11:04:01,271 [trainer.py] => CNN top1 with task curve: [98.9, 98.65, 98.87, 98.58, 98.82]
2025-03-13 11:04:01,271 [trainer.py] => CNN top1 task curve: [1.0, 0.9795, 0.9633333333333334, 0.93775, 0.9148]
2025-03-13 11:04:01,796 [trainer.py] => All params: 111194651
2025-03-13 11:04:01,798 [trainer.py] => Trainable params: 192010
2025-03-13 11:04:01,798 [inflora.py] => Learning on 50-60
2025-03-13 11:11:34,831 [inflora.py] => Task 5, Epoch 20/20 => Loss 0.122, Train_accy 96.16
2025-03-13 11:12:05,258 [trainer.py] => Time:483.4597053527832
2025-03-13 11:12:18,776 [trainer.py] => Time:13.5178701877594
2025-03-13 11:12:18,776 [inflora.py] => Exemplar size: 0
2025-03-13 11:12:18,776 [trainer.py] => CNN: {'total': 90.75, '00-09': 92.3, '10-19': 90.3, '20-29': 93.5, '30-39': 85.2, '40-49': 90.5, '50-59': 92.7, 'old': 90.36, 'new': 92.7}
2025-03-13 11:12:18,776 [trainer.py] => CNN top1 curve: [98.9, 97.2, 95.8, 93.15, 90.92, 90.75]
2025-03-13 11:12:18,776 [trainer.py] => CNN top1 with task curve: [98.9, 98.65, 98.87, 98.58, 98.82, 98.93]
2025-03-13 11:12:18,776 [trainer.py] => CNN top1 task curve: [1.0, 0.9795, 0.9633333333333334, 0.93775, 0.9148, 0.912]
2025-03-13 11:12:19,329 [trainer.py] => All params: 111194651
2025-03-13 11:12:19,331 [trainer.py] => Trainable params: 192010
2025-03-13 11:12:19,331 [inflora.py] => Learning on 60-70
2025-03-13 11:19:55,226 [inflora.py] => Task 6, Epoch 20/20 => Loss 0.098, Train_accy 96.70
2025-03-13 11:20:26,433 [trainer.py] => Time:487.10155510902405
2025-03-13 11:20:41,733 [trainer.py] => Time:15.29964542388916
2025-03-13 11:20:41,734 [inflora.py] => Exemplar size: 0
2025-03-13 11:20:41,734 [trainer.py] => CNN: {'total': 90.49, '00-09': 92.3, '10-19': 91.3, '20-29': 92.6, '30-39': 83.9, '40-49': 89.6, '50-59': 91.3, '60-69': 92.4, 'old': 90.17, 'new': 92.4}
2025-03-13 11:20:41,734 [trainer.py] => CNN top1 curve: [98.9, 97.2, 95.8, 93.15, 90.92, 90.75, 90.49]
2025-03-13 11:20:41,734 [trainer.py] => CNN top1 with task curve: [98.9, 98.65, 98.87, 98.58, 98.82, 98.93, 98.79]
2025-03-13 11:20:41,735 [trainer.py] => CNN top1 task curve: [1.0, 0.9795, 0.9633333333333334, 0.93775, 0.9148, 0.912, 0.91]
2025-03-13 11:20:42,419 [trainer.py] => All params: 111194651
2025-03-13 11:20:42,421 [trainer.py] => Trainable params: 192010
2025-03-13 11:20:42,421 [inflora.py] => Learning on 70-80
2025-03-13 11:31:42,779 [inflora.py] => Task 7, Epoch 20/20 => Loss 0.115, Train_accy 95.92
2025-03-13 11:32:35,374 [trainer.py] => Time:712.9523313045502
2025-03-13 11:33:19,087 [trainer.py] => Time:43.712767124176025
2025-03-13 11:33:19,087 [inflora.py] => Exemplar size: 0
2025-03-13 11:33:19,087 [trainer.py] => CNN: {'total': 88.86, '00-09': 92.1, '10-19': 90.7, '20-29': 92.9, '30-39': 82.8, '40-49': 90.8, '50-59': 89.0, '60-69': 91.9, '70-79': 80.7, 'old': 90.03, 'new': 80.7}
2025-03-13 11:33:19,088 [trainer.py] => CNN top1 curve: [98.9, 97.2, 95.8, 93.15, 90.92, 90.75, 90.49, 88.86]
2025-03-13 11:33:19,088 [trainer.py] => CNN top1 with task curve: [98.9, 98.65, 98.87, 98.58, 98.82, 98.93, 98.79, 98.71]
2025-03-13 11:33:19,088 [trainer.py] => CNN top1 task curve: [1.0, 0.9795, 0.9633333333333334, 0.93775, 0.9148, 0.912, 0.91, 0.893375]
2025-03-13 11:33:19,705 [trainer.py] => All params: 111194651
2025-03-13 11:33:19,707 [trainer.py] => Trainable params: 192010
2025-03-13 11:33:19,707 [inflora.py] => Learning on 80-90
2025-03-13 11:47:20,833 [inflora.py] => Task 8, Epoch 20/20 => Loss 0.124, Train_accy 96.30
2025-03-13 11:48:08,343 [trainer.py] => Time:888.6367936134338
2025-03-13 11:48:59,899 [trainer.py] => Time:51.55468440055847
2025-03-13 11:48:59,899 [inflora.py] => Exemplar size: 0
2025-03-13 11:48:59,899 [trainer.py] => CNN: {'total': 87.67, '00-09': 91.7, '10-19': 91.2, '20-29': 92.3, '30-39': 82.7, '40-49': 89.4, '50-59': 87.7, '60-69': 91.6, '70-79': 80.1, '80-89': 82.3, 'old': 88.34, 'new': 82.3}
2025-03-13 11:48:59,899 [trainer.py] => CNN top1 curve: [98.9, 97.2, 95.8, 93.15, 90.92, 90.75, 90.49, 88.86, 87.67]
2025-03-13 11:48:59,899 [trainer.py] => CNN top1 with task curve: [98.9, 98.65, 98.87, 98.58, 98.82, 98.93, 98.79, 98.71, 98.7]
2025-03-13 11:48:59,899 [trainer.py] => CNN top1 task curve: [1.0, 0.9795, 0.9633333333333334, 0.93775, 0.9148, 0.912, 0.91, 0.893375, 0.8808888888888889]
2025-03-13 11:49:00,453 [trainer.py] => All params: 111194651
2025-03-13 11:49:00,454 [trainer.py] => Trainable params: 192010
2025-03-13 11:49:00,454 [inflora.py] => Learning on 90-100
2025-03-13 12:02:57,401 [inflora.py] => Task 9, Epoch 20/20 => Loss 0.140, Train_accy 95.42
2025-03-13 12:04:04,667 [trainer.py] => Time:904.2128436565399
2025-03-13 12:05:02,536 [trainer.py] => Time:57.86823844909668
2025-03-13 12:05:02,536 [inflora.py] => Exemplar size: 0
2025-03-13 12:05:02,536 [trainer.py] => CNN: {'total': 86.95, '00-09': 91.4, '10-19': 89.8, '20-29': 91.1, '30-39': 82.1, '40-49': 88.8, '50-59': 84.9, '60-69': 90.6, '70-79': 79.9, '80-89': 81.0, '90-99': 89.9, 'old': 86.62, 'new': 89.9}
2025-03-13 12:05:02,536 [trainer.py] => CNN top1 curve: [98.9, 97.2, 95.8, 93.15, 90.92, 90.75, 90.49, 88.86, 87.67, 86.95]
2025-03-13 12:05:02,536 [trainer.py] => CNN top1 with task curve: [98.9, 98.65, 98.87, 98.58, 98.82, 98.93, 98.79, 98.71, 98.7, 98.54]
2025-03-13 12:05:02,536 [trainer.py] => CNN top1 task curve: [1.0, 0.9795, 0.9633333333333334, 0.93775, 0.9148, 0.912, 0.91, 0.893375, 0.8808888888888889, 0.8741]
