2024-03-31 11:03:38,565 [trainer.py] => config: configs/cifar100_infloraca.json
2024-03-31 11:03:38,565 [trainer.py] => device: [device(type='cuda', index=2)]
2024-03-31 11:03:38,565 [trainer.py] => prefix: reproduce
2024-03-31 11:03:38,565 [trainer.py] => dataset: cifar100
2024-03-31 11:03:38,565 [trainer.py] => data_path: /home/liangys/data/cifar100
2024-03-31 11:03:38,565 [trainer.py] => memory_size: 0
2024-03-31 11:03:38,565 [trainer.py] => memory_per_class: 0
2024-03-31 11:03:38,565 [trainer.py] => fixed_memory: True
2024-03-31 11:03:38,565 [trainer.py] => shuffle: False
2024-03-31 11:03:38,565 [trainer.py] => init_cls: 10
2024-03-31 11:03:38,565 [trainer.py] => increment: 10
2024-03-31 11:03:38,565 [trainer.py] => model_name: InfLoRA_CA1
2024-03-31 11:03:38,565 [trainer.py] => net_type: sip
2024-03-31 11:03:38,565 [trainer.py] => embd_dim: 768
2024-03-31 11:03:38,565 [trainer.py] => num_heads: 12
2024-03-31 11:03:38,565 [trainer.py] => total_sessions: 10
2024-03-31 11:03:38,565 [trainer.py] => seed: 0
2024-03-31 11:03:38,565 [trainer.py] => EPSILON: 1e-08
2024-03-31 11:03:38,565 [trainer.py] => init_epoch: 20
2024-03-31 11:03:38,565 [trainer.py] => optim: sgd
2024-03-31 11:03:38,565 [trainer.py] => epochs: 20
2024-03-31 11:03:38,565 [trainer.py] => fc_lrate: 0.01
2024-03-31 11:03:38,565 [trainer.py] => lrate: 0.001
2024-03-31 11:03:38,565 [trainer.py] => lrate_decay: 0.1
2024-03-31 11:03:38,565 [trainer.py] => batch_size: 128
2024-03-31 11:03:38,565 [trainer.py] => weight_decay: 0.001
2024-03-31 11:03:38,565 [trainer.py] => rank: 12
2024-03-31 11:03:38,565 [trainer.py] => lamb: 0.98
2024-03-31 11:03:38,565 [trainer.py] => lame: 1.0
2024-03-31 11:03:38,565 [trainer.py] => num_workers: 16
2024-03-31 11:03:50,780 [trainer.py] => config: configs/cifar100_infloraca.json
2024-03-31 11:03:50,781 [trainer.py] => device: [device(type='cuda', index=2)]
2024-03-31 11:03:50,781 [trainer.py] => prefix: reproduce
2024-03-31 11:03:50,781 [trainer.py] => dataset: cifar100
2024-03-31 11:03:50,781 [trainer.py] => data_path: /home/liangys/data/cifar100
2024-03-31 11:03:50,781 [trainer.py] => memory_size: 0
2024-03-31 11:03:50,781 [trainer.py] => memory_per_class: 0
2024-03-31 11:03:50,781 [trainer.py] => fixed_memory: True
2024-03-31 11:03:50,781 [trainer.py] => shuffle: False
2024-03-31 11:03:50,781 [trainer.py] => init_cls: 10
2024-03-31 11:03:50,781 [trainer.py] => increment: 10
2024-03-31 11:03:50,781 [trainer.py] => model_name: InfLoRA_CA1
2024-03-31 11:03:50,781 [trainer.py] => net_type: sip
2024-03-31 11:03:50,781 [trainer.py] => embd_dim: 768
2024-03-31 11:03:50,781 [trainer.py] => num_heads: 12
2024-03-31 11:03:50,781 [trainer.py] => total_sessions: 10
2024-03-31 11:03:50,781 [trainer.py] => seed: 0
2024-03-31 11:03:50,781 [trainer.py] => EPSILON: 1e-08
2024-03-31 11:03:50,781 [trainer.py] => init_epoch: 20
2024-03-31 11:03:50,781 [trainer.py] => optim: sgd
2024-03-31 11:03:50,781 [trainer.py] => epochs: 20
2024-03-31 11:03:50,781 [trainer.py] => fc_lrate: 0.01
2024-03-31 11:03:50,781 [trainer.py] => lrate: 0.001
2024-03-31 11:03:50,781 [trainer.py] => lrate_decay: 0.1
2024-03-31 11:03:50,781 [trainer.py] => batch_size: 128
2024-03-31 11:03:50,781 [trainer.py] => weight_decay: 0.001
2024-03-31 11:03:50,781 [trainer.py] => rank: 12
2024-03-31 11:03:50,781 [trainer.py] => lamb: 0.98
2024-03-31 11:03:50,781 [trainer.py] => lame: 1.0
2024-03-31 11:03:50,781 [trainer.py] => num_workers: 16
2024-03-31 11:03:52,348 [data_manager.py] => [0, 1, 2, 3, 4, 5, 6, 7, 8, 9, 10, 11, 12, 13, 14, 15, 16, 17, 18, 19, 20, 21, 22, 23, 24, 25, 26, 27, 28, 29, 30, 31, 32, 33, 34, 35, 36, 37, 38, 39, 40, 41, 42, 43, 44, 45, 46, 47, 48, 49, 50, 51, 52, 53, 54, 55, 56, 57, 58, 59, 60, 61, 62, 63, 64, 65, 66, 67, 68, 69, 70, 71, 72, 73, 74, 75, 76, 77, 78, 79, 80, 81, 82, 83, 84, 85, 86, 87, 88, 89, 90, 91, 92, 93, 94, 95, 96, 97, 98, 99]
2024-03-31 11:03:54,856 [trainer.py] => All params: 111931931
2024-03-31 11:03:54,858 [trainer.py] => Trainable params: 111931931
2024-03-31 11:03:54,858 [inflora_ca1.py] => Learning on 0-10
